<?xml version="1.0" encoding="UTF-8" standalone="yes"?><!DOCTYPE report PUBLIC "-//JACOCO//DTD Report 1.1//EN" "report.dtd"><report name="avaj-launcher"><sessioninfo id="e1r5p5.clusters.42paris.fr-c38291b9" start="1678971811021" dump="1678971811332"/><sessioninfo id="e1r5p5.clusters.42paris.fr-59a25bea" start="1678971838376" dump="1678971838666"/><sessioninfo id="e1r5p5.clusters.42paris.fr-7f15f815" start="1678971897468" dump="1678971897756"/><sessioninfo id="e1r5p5.clusters.42paris.fr-d9739e94" start="1678971942700" dump="1678971942996"/><sessioninfo id="e1r5p5.clusters.42paris.fr-3d5cfa30" start="1678975611754" dump="1678975612052"/><sessioninfo id="e1r5p5.clusters.42paris.fr-8331c285" start="1678978181330" dump="1678978181624"/><sessioninfo id="e1r5p5.clusters.42paris.fr-65a946a8" start="1678978387523" dump="1678978387845"/><sessioninfo id="e1r5p5.clusters.42paris.fr-f277c028" start="1678978445189" dump="1678978445485"/><sessioninfo id="e1r5p5.clusters.42paris.fr-a273b99e" start="1678980181074" dump="1678980181381"/><sessioninfo id="e1r5p5.clusters.42paris.fr-298ff163" start="1678980297690" dump="1678980297976"/><sessioninfo id="e1r5p5.clusters.42paris.fr-41b10c43" start="1678980340940" dump="1678980341267"/><sessioninfo id="e1r5p5.clusters.42paris.fr-e54f64a3" start="1678980363631" dump="1678980363950"/><sessioninfo id="e1r5p5.clusters.42paris.fr-58447c3f" start="1678980401501" dump="1678980401804"/><sessioninfo id="e1r5p5.clusters.42paris.fr-99280a46" start="1678981487280" dump="1678981487603"/><sessioninfo id="e1r5p5.clusters.42paris.fr-23ba6e1f" start="1678981655386" dump="1678981655705"/><sessioninfo id="e1r5p5.clusters.42paris.fr-ac6923b" start="1678981678461" dump="1678981678776"/><sessioninfo id="e1r5p5.clusters.42paris.fr-71565db9" start="1678981756142" dump="1678981756461"/><sessioninfo id="e1r5p5.clusters.42paris.fr-a5a7366f" start="1678981814978" dump="1678981815298"/><sessioninfo id="e1r5p5.clusters.42paris.fr-440dfa38" start="1678983463022" dump="1678983463333"/><sessioninfo id="e1r5p5.clusters.42paris.fr-9c7fc1b0" start="1678983507125" dump="1678983507437"/><sessioninfo id="e1r5p5.clusters.42paris.fr-2987b21b" start="1678983514473" dump="1678983514790"/><sessioninfo id="e1r5p5.clusters.42paris.fr-26d37bd2" start="1678986079738" dump="1678986080082"/><sessioninfo id="e1r5p5.clusters.42paris.fr-abc61e26" start="1678986107149" dump="1678986107477"/><sessioninfo id="e1r5p5.clusters.42paris.fr-a0991d9c" start="1678986124614" dump="1678986124953"/><sessioninfo id="e1r5p5.clusters.42paris.fr-7b6aba3" start="1678986418216" dump="1678986418542"/><sessioninfo id="e1r5p5.clusters.42paris.fr-620bc67f" start="1678986456111" dump="1678986456447"/><sessioninfo id="e1r5p5.clusters.42paris.fr-567e708d" start="1678986591259" dump="1678986591592"/><sessioninfo id="e1r5p5.clusters.42paris.fr-5bf9a787" start="1678986858839" dump="1678986859178"/><sessioninfo id="e1r5p5.clusters.42paris.fr-888b376" start="1678986922428" dump="1678986922765"/><sessioninfo id="e1r5p5.clusters.42paris.fr-d8ccd15e" start="1678987201663" dump="1678987201993"/><sessioninfo id="e1r5p3.clusters.42paris.fr-8119e8ed" start="1679056412931" dump="1679056413335"/><sessioninfo id="e1r5p3.clusters.42paris.fr-8d4bb947" start="1679056501639" dump="1679056502029"/><sessioninfo id="e1r5p3.clusters.42paris.fr-ed9c9a7b" start="1679056521810" dump="1679056522219"/><sessioninfo id="e1r5p3.clusters.42paris.fr-e1647800" start="1679056556811" dump="1679056557223"/><sessioninfo id="e1r5p3.clusters.42paris.fr-b3ee4658" start="1679056607532" dump="1679056607919"/><sessioninfo id="e1r5p3.clusters.42paris.fr-624293cc" start="1679056613907" dump="1679056614297"/><sessioninfo id="e1r5p3.clusters.42paris.fr-d964b18d" start="1679056659159" dump="1679056659558"/><sessioninfo id="e1r5p3.clusters.42paris.fr-7d323f26" start="1679056670979" dump="1679056671375"/><sessioninfo id="e1r5p3.clusters.42paris.fr-17d61350" start="1679056720227" dump="1679056720628"/><sessioninfo id="e1r5p3.clusters.42paris.fr-40692ade" start="1679056762026" dump="1679056762435"/><sessioninfo id="e1r5p3.clusters.42paris.fr-dd14e0b0" start="1679056801283" dump="1679056801685"/><sessioninfo id="e1r5p3.clusters.42paris.fr-d0699c1c" start="1679056822700" dump="1679056823090"/><sessioninfo id="e1r5p3.clusters.42paris.fr-de42756d" start="1679056851873" dump="1679056852258"/><sessioninfo id="e1r5p3.clusters.42paris.fr-d237005" start="1679056865010" dump="1679056865386"/><sessioninfo id="e1r5p3.clusters.42paris.fr-2ac31d2f" start="1679062023227" dump="1679062023620"/><sessioninfo id="e1r5p3.clusters.42paris.fr-373d5973" start="1679062070116" dump="1679062070516"/><sessioninfo id="e1r5p3.clusters.42paris.fr-e1c01670" start="1679062368957" dump="1679062369379"/><sessioninfo id="e1r5p3.clusters.42paris.fr-74d9cc7c" start="1679064111336" dump="1679064111764"/><sessioninfo id="e1r5p3.clusters.42paris.fr-718614eb" start="1679064140060" dump="1679064140479"/><sessioninfo id="e1r5p3.clusters.42paris.fr-e37f8246" start="1679064246938" dump="1679064247360"/><sessioninfo id="e1r5p3.clusters.42paris.fr-e99f6b38" start="1679064332823" dump="1679064333281"/><sessioninfo id="e1r5p3.clusters.42paris.fr-2c539ed5" start="1679064591935" dump="1679064592368"/><sessioninfo id="e1r5p3.clusters.42paris.fr-1b60915f" start="1679064756171" dump="1679064756615"/><sessioninfo id="e1r5p3.clusters.42paris.fr-2e1a82d3" start="1679064779144" dump="1679064779569"/><sessioninfo id="e1r5p3.clusters.42paris.fr-f35b168b" start="1679065405622" dump="1679065406045"/><sessioninfo id="e1r5p3.clusters.42paris.fr-fa7aa263" start="1679065581999" dump="1679065582432"/><sessioninfo id="e1r5p3.clusters.42paris.fr-b2b799d6" start="1679065620343" dump="1679065620784"/><sessioninfo id="e1r5p3.clusters.42paris.fr-c39579e6" start="1679065631776" dump="1679065632199"/><sessioninfo id="e1r5p3.clusters.42paris.fr-67575aba" start="1679065651244" dump="1679065651667"/><sessioninfo id="e1r5p3.clusters.42paris.fr-492a55df" start="1679065736216" dump="1679065736654"/><sessioninfo id="e1r5p3.clusters.42paris.fr-d87bdf8e" start="1679065745924" dump="1679065746390"/><sessioninfo id="e1r5p3.clusters.42paris.fr-a4e94c9b" start="1679065799258" dump="1679065799695"/><sessioninfo id="e1r5p3.clusters.42paris.fr-d36ad231" start="1679065866719" dump="1679065867152"/><sessioninfo id="e1r5p3.clusters.42paris.fr-90c5d8d8" start="1679066248296" dump="1679066248708"/><sessioninfo id="e1r5p3.clusters.42paris.fr-7f91b97f" start="1679067250150" dump="1679067250602"/><sessioninfo id="e1r5p3.clusters.42paris.fr-2489e6b2" start="1679067274431" dump="1679067274867"/><sessioninfo id="e1r5p3.clusters.42paris.fr-4b347a9" start="1679067303912" dump="1679067304372"/><sessioninfo id="e1r5p3.clusters.42paris.fr-3390121a" start="1679067316273" dump="1679067316707"/><sessioninfo id="e1r5p3.clusters.42paris.fr-3b04e161" start="1679067330078" dump="1679067330517"/><sessioninfo id="e1r5p3.clusters.42paris.fr-95a28950" start="1679067337797" dump="1679067338233"/><sessioninfo id="e1r5p3.clusters.42paris.fr-480d7b96" start="1679067350859" dump="1679067351290"/><sessioninfo id="e1r5p3.clusters.42paris.fr-837a51d7" start="1679067397201" dump="1679067397668"/><sessioninfo id="e1r5p3.clusters.42paris.fr-2c891516" start="1679067421057" dump="1679067421494"/><sessioninfo id="e1r5p3.clusters.42paris.fr-45d3779a" start="1679067439973" dump="1679067440400"/><sessioninfo id="e1r5p3.clusters.42paris.fr-50107e11" start="1679067507652" dump="1679067508107"/><sessioninfo id="e1r5p3.clusters.42paris.fr-eb523027" start="1679068149561" dump="1679068150035"/><sessioninfo id="e1r5p3.clusters.42paris.fr-2a6da7c9" start="1679068173268" dump="1679068173733"/><sessioninfo id="e1r5p3.clusters.42paris.fr-1bae512b" start="1679068183096" dump="1679068183567"/><sessioninfo id="e1r5p3.clusters.42paris.fr-63fe2d81" start="1679068200679" dump="1679068201191"/><sessioninfo id="e1r5p3.clusters.42paris.fr-83198aa" start="1679068317766" dump="1679068318281"/><sessioninfo id="e1r5p3.clusters.42paris.fr-f417fead" start="1679068865342" dump="1679068865816"/><sessioninfo id="e1r5p3.clusters.42paris.fr-93166419" start="1679069075045" dump="1679069075575"/><sessioninfo id="e1r5p3.clusters.42paris.fr-728a6d56" start="1679069182047" dump="1679069182518"/><sessioninfo id="e1r5p3.clusters.42paris.fr-c772871b" start="1679069198867" dump="1679069199350"/><sessioninfo id="rbicanic-UX430UAR-41e3d8a6" start="1679580127066" dump="1679580128565"/><sessioninfo id="rbicanic-UX430UAR-d91acc0e" start="1679584705356" dump="1679584706759"/><sessioninfo id="rbicanic-UX430UAR-d6e56029" start="1679584730264" dump="1679584731664"/><sessioninfo id="rbicanic-UX430UAR-9849b0ba" start="1679584813460" dump="1679584814912"/><sessioninfo id="rbicanic-UX430UAR-2fd5d8de" start="1679586064857" dump="1679586065988"/><sessioninfo id="rbicanic-UX430UAR-cc8e2292" start="1679586115744" dump="1679586116868"/><sessioninfo id="rbicanic-UX430UAR-845ce753" start="1679587846093" dump="1679587847259"/><sessioninfo id="rbicanic-UX430UAR-821ce658" start="1679587937943" dump="1679587939043"/><sessioninfo id="rbicanic-UX430UAR-3e5b8819" start="1679588139473" dump="1679588140664"/><sessioninfo id="rbicanic-UX430UAR-c157f9a" start="1679588186494" dump="1679588187628"/><sessioninfo id="rbicanic-UX430UAR-185ca1aa" start="1679588203817" dump="1679588204947"/><sessioninfo id="rbicanic-UX430UAR-73b50057" start="1679588433470" dump="1679588434596"/><sessioninfo id="rbicanic-UX430UAR-bc7b29cb" start="1679588524583" dump="1679588525679"/><sessioninfo id="rbicanic-UX430UAR-32cebd41" start="1679588583613" dump="1679588584717"/><sessioninfo id="rbicanic-UX430UAR-9bac2254" start="1679588624628" dump="1679588625812"/><sessioninfo id="rbicanic-UX430UAR-6c065c04" start="1679588663934" dump="1679588665059"/><sessioninfo id="rbicanic-UX430UAR-8e87de4a" start="1679588684606" dump="1679588685823"/><sessioninfo id="rbicanic-UX430UAR-6dd2b9b0" start="1679588806093" dump="1679588807539"/><sessioninfo id="rbicanic-UX430UAR-d381c9ba" start="1679588863766" dump="1679588865135"/><sessioninfo id="rbicanic-UX430UAR-ee6664dc" start="1679588887722" dump="1679588889108"/><sessioninfo id="rbicanic-UX430UAR-a1185b46" start="1679655685235" dump="1679655686917"/><sessioninfo id="rbicanic-UX430UAR-3adccbd8" start="1679655884832" dump="1679655886267"/><sessioninfo id="rbicanic-UX430UAR-e2c3526c" start="1679656237859" dump="1679656239162"/><sessioninfo id="rbicanic-UX430UAR-6fe747e2" start="1679657645397" dump="1679657646663"/><sessioninfo id="rbicanic-UX430UAR-5d23df6c" start="1679657729110" dump="1679657730266"/><sessioninfo id="rbicanic-UX430UAR-faf5c9f4" start="1679657896999" dump="1679657898223"/><sessioninfo id="rbicanic-UX430UAR-2b3fc9e3" start="1679658059566" dump="1679658060735"/><sessioninfo id="rbicanic-UX430UAR-bc4e2aed" start="1679658260515" dump="1679658261722"/><sessioninfo id="rbicanic-UX430UAR-e3eac1e3" start="1679658410771" dump="1679658411966"/><sessioninfo id="rbicanic-UX430UAR-d5895c08" start="1679658442816" dump="1679658443952"/><sessioninfo id="rbicanic-UX430UAR-fb81359b" start="1679658615507" dump="1679658616597"/><sessioninfo id="rbicanic-UX430UAR-c57d1993" start="1679658666893" dump="1679658668014"/><sessioninfo id="rbicanic-UX430UAR-4e3d80eb" start="1679658750517" dump="1679658751681"/><sessioninfo id="rbicanic-UX430UAR-b7f3227d" start="1679658804991" dump="1679658806096"/><sessioninfo id="rbicanic-UX430UAR-18b73855" start="1679658834376" dump="1679658835554"/><sessioninfo id="rbicanic-UX430UAR-6555da22" start="1679658944688" dump="1679658945813"/><sessioninfo id="rbicanic-UX430UAR-521c7264" start="1679658960833" dump="1679658961997"/><sessioninfo id="rbicanic-UX430UAR-a973a489" start="1679658975772" dump="1679658976926"/><sessioninfo id="rbicanic-UX430UAR-fc40fda1" start="1679659089416" dump="1679659090663"/><sessioninfo id="rbicanic-UX430UAR-870ea8d7" start="1679659137395" dump="1679659138561"/><sessioninfo id="rbicanic-UX430UAR-ebd98336" start="1679659223291" dump="1679659224427"/><sessioninfo id="rbicanic-UX430UAR-b223fdc0" start="1679659265893" dump="1679659267063"/><sessioninfo id="rbicanic-UX430UAR-3e38964f" start="1679659298632" dump="1679659299731"/><sessioninfo id="rbicanic-UX430UAR-f32dfedd" start="1679659327716" dump="1679659328817"/><sessioninfo id="rbicanic-UX430UAR-eff6fdea" start="1679665205755" dump="1679665206907"/><sessioninfo id="rbicanic-UX430UAR-5fccfc8e" start="1679665229325" dump="1679665230472"/><sessioninfo id="rbicanic-UX430UAR-fff611eb" start="1679665821489" dump="1679665822688"/><sessioninfo id="rbicanic-UX430UAR-78be5391" start="1679665916956" dump="1679665918201"/><sessioninfo id="rbicanic-UX430UAR-dae85717" start="1679665939539" dump="1679665940681"/><sessioninfo id="rbicanic-UX430UAR-ad1b4acc" start="1679665973353" dump="1679665974509"/><sessioninfo id="rbicanic-UX430UAR-3ec78219" start="1679666047929" dump="1679666049059"/><sessioninfo id="rbicanic-UX430UAR-c5d0df1c" start="1679670198971" dump="1679670200101"/><sessioninfo id="rbicanic-UX430UAR-e9c806db" start="1679670972581" dump="1679670973917"/><sessioninfo id="rbicanic-UX430UAR-278862ba" start="1679671047056" dump="1679671048340"/><sessioninfo id="rbicanic-UX430UAR-d2920446" start="1679671063735" dump="1679671065118"/><sessioninfo id="rbicanic-UX430UAR-1cbec39a" start="1679671074259" dump="1679671075660"/><sessioninfo id="rbicanic-UX430UAR-9fe50ac6" start="1679671228494" dump="1679671229762"/><sessioninfo id="rbicanic-UX430UAR-d712e495" start="1679671505294" dump="1679671506600"/><sessioninfo id="rbicanic-UX430UAR-6d70fc0e" start="1679671675843" dump="1679671677211"/><sessioninfo id="rbicanic-UX430UAR-3283067d" start="1679671767943" dump="1679671769380"/><sessioninfo id="rbicanic-UX430UAR-92c66e4a" start="1679672262814" dump="1679672264089"/><sessioninfo id="rbicanic-UX430UAR-339dde5" start="1679672299392" dump="1679672300648"/><sessioninfo id="rbicanic-UX430UAR-7169dd4c" start="1679672331836" dump="1679672333167"/><sessioninfo id="rbicanic-UX430UAR-ecf2abe2" start="1679672359614" dump="1679672360919"/><sessioninfo id="rbicanic-UX430UAR-c32c27c0" start="1679672417249" dump="1679672418507"/><sessioninfo id="rbicanic-UX430UAR-5a8b473c" start="1679672751827" dump="1679672753088"/><sessioninfo id="rbicanic-UX430UAR-14d51bee" start="1679673272517" dump="1679673273765"/><sessioninfo id="rbicanic-UX430UAR-ec7be95d" start="1679673362080" dump="1679673363551"/><sessioninfo id="rbicanic-UX430UAR-d08a7669" start="1679776543512" dump="1679776545376"/><sessioninfo id="rbicanic-UX430UAR-21e171bd" start="1679843708256" dump="1679843709895"/><sessioninfo id="rbicanic-UX430UAR-e280db96" start="1679844260481" dump="1679844261348"/><sessioninfo id="rbicanic-UX430UAR-a9e498f8" start="1679844304325" dump="1679844305178"/><sessioninfo id="rbicanic-UX430UAR-afdc2060" start="1679844478998" dump="1679844480698"/><sessioninfo id="rbicanic-UX430UAR-81d92af3" start="1679844512402" dump="1679844513859"/><sessioninfo id="rbicanic-UX430UAR-66ea6ff4" start="1679844569056" dump="1679844570598"/><sessioninfo id="rbicanic-UX430UAR-bdba8981" start="1679844623234" dump="1679844624768"/><sessioninfo id="rbicanic-UX430UAR-b14d8f80" start="1679844649785" dump="1679844651370"/><sessioninfo id="rbicanic-UX430UAR-71bd0519" start="1679844686329" dump="1679844687929"/><sessioninfo id="rbicanic-UX430UAR-90836ebf" start="1679844710914" dump="1679844712426"/><sessioninfo id="rbicanic-UX430UAR-603d6df0" start="1679844725395" dump="1679844726908"/><sessioninfo id="rbicanic-UX430UAR-3dfb8b4" start="1679844755106" dump="1679844756660"/><sessioninfo id="rbicanic-UX430UAR-dfd7c3e1" start="1679844773083" dump="1679844774728"/><sessioninfo id="rbicanic-UX430UAR-b9c03513" start="1679844820983" dump="1679844822547"/><sessioninfo id="rbicanic-UX430UAR-1240777f" start="1679844879646" dump="1679844881290"/><sessioninfo id="rbicanic-UX430UAR-86882fa5" start="1679844913963" dump="1679844915581"/><sessioninfo id="rbicanic-UX430UAR-8890a1de" start="1679844955361" dump="1679844956872"/><sessioninfo id="rbicanic-UX430UAR-d70877ba" start="1679844968983" dump="1679844970517"/><sessioninfo id="rbicanic-UX430UAR-ab0b1bf3" start="1679845072056" dump="1679845073741"/><sessioninfo id="rbicanic-UX430UAR-2b7fd097" start="1679845109885" dump="1679845111567"/><sessioninfo id="rbicanic-UX430UAR-31b95590" start="1679845127776" dump="1679845129364"/><sessioninfo id="rbicanic-UX430UAR-3426a6a" start="1679845168178" dump="1679845169671"/><sessioninfo id="rbicanic-UX430UAR-2842048" start="1679845206000" dump="1679845206836"/><sessioninfo id="rbicanic-UX430UAR-2d9b7edd" start="1679845264277" dump="1679845265131"/><sessioninfo id="rbicanic-UX430UAR-91dadf3" start="1679845308244" dump="1679845309762"/><sessioninfo id="rbicanic-UX430UAR-68f137b6" start="1679845353569" dump="1679845355045"/><sessioninfo id="rbicanic-UX430UAR-77554367" start="1679845369393" dump="1679845371061"/><sessioninfo id="rbicanic-UX430UAR-b1ff312" start="1679845393431" dump="1679845394967"/><sessioninfo id="rbicanic-UX430UAR-1c71f331" start="1679845411045" dump="1679845412628"/><sessioninfo id="rbicanic-UX430UAR-3a623c95" start="1679845436602" dump="1679845438200"/><sessioninfo id="rbicanic-UX430UAR-25b4fb73" start="1679845453967" dump="1679845455521"/><sessioninfo id="rbicanic-UX430UAR-9a8cc117" start="1679845482031" dump="1679845483528"/><sessioninfo id="rbicanic-UX430UAR-d9255c3f" start="1679845505454" dump="1679845506942"/><sessioninfo id="rbicanic-UX430UAR-d7016436" start="1679845549232" dump="1679845550736"/><sessioninfo id="rbicanic-UX430UAR-e68a93af" start="1679845572635" dump="1679845574214"/><sessioninfo id="rbicanic-UX430UAR-435d86c3" start="1679845595243" dump="1679845596734"/><sessioninfo id="rbicanic-UX430UAR-f78a14e4" start="1679845640200" dump="1679845641775"/><sessioninfo id="rbicanic-UX430UAR-60274239" start="1679845733012" dump="1679845734595"/><sessioninfo id="rbicanic-UX430UAR-42c31376" start="1679846721021" dump="1679846722727"/><sessioninfo id="rbicanic-UX430UAR-3a788d28" start="1679846923405" dump="1679846925005"/><sessioninfo id="rbicanic-UX430UAR-c8518d93" start="1679847338409" dump="1679847340007"/><sessioninfo id="rbicanic-UX430UAR-5a6b25c8" start="1679847414069" dump="1679847415787"/><sessioninfo id="rbicanic-UX430UAR-2d857e36" start="1679847443040" dump="1679847444604"/><sessioninfo id="rbicanic-UX430UAR-7b04a2fe" start="1679847485645" dump="1679847487250"/><sessioninfo id="rbicanic-UX430UAR-f33542db" start="1679848278213" dump="1679848279479"/><sessioninfo id="rbicanic-UX430UAR-cefd6ce0" start="1679848320863" dump="1679848322082"/><sessioninfo id="rbicanic-UX430UAR-84702299" start="1679848527616" dump="1679848528933"/><sessioninfo id="rbicanic-UX430UAR-ef327d19" start="1679848668547" dump="1679848669853"/><sessioninfo id="rbicanic-UX430UAR-7d94cb7d" start="1679849198002" dump="1679849199305"/><sessioninfo id="rbicanic-UX430UAR-86ef893b" start="1679849254712" dump="1679849255908"/><sessioninfo id="rbicanic-UX430UAR-d71e0c1e" start="1679849277703" dump="1679849278967"/><sessioninfo id="rbicanic-UX430UAR-48db0b19" start="1679849330504" dump="1679849331791"/><sessioninfo id="rbicanic-UX430UAR-4f0560c6" start="1679849456404" dump="1679849457788"/><sessioninfo id="rbicanic-UX430UAR-593cd526" start="1679849503794" dump="1679849505133"/><sessioninfo id="rbicanic-UX430UAR-6ed2c3ea" start="1679849551743" dump="1679849553164"/><sessioninfo id="rbicanic-UX430UAR-4243efe4" start="1679849972524" dump="1679849973842"/><sessioninfo id="rbicanic-UX430UAR-2bbe8b3c" start="1679850124353" dump="1679850125724"/><sessioninfo id="rbicanic-UX430UAR-ab9c7bee" start="1679850155810" dump="1679850157312"/><sessioninfo id="rbicanic-UX430UAR-24f547f5" start="1679850211215" dump="1679850212681"/><sessioninfo id="rbicanic-UX430UAR-8df29f3c" start="1679850237773" dump="1679850239172"/><sessioninfo id="rbicanic-UX430UAR-a2701511" start="1679850260319" dump="1679850261809"/><sessioninfo id="rbicanic-UX430UAR-59e71ebf" start="1679850375408" dump="1679850376846"/><sessioninfo id="rbicanic-UX430UAR-427331d1" start="1679850422650" dump="1679850424098"/><sessioninfo id="rbicanic-UX430UAR-72486704" start="1679850473058" dump="1679850474516"/><sessioninfo id="rbicanic-UX430UAR-545f1904" start="1679850493140" dump="1679850494508"/><sessioninfo id="rbicanic-UX430UAR-bdb9466e" start="1679850513736" dump="1679850515057"/><sessioninfo id="rbicanic-UX430UAR-9124b64f" start="1679850524667" dump="1679850525968"/><sessioninfo id="rbicanic-UX430UAR-9e257aad" start="1679850541836" dump="1679850543243"/><sessioninfo id="rbicanic-UX430UAR-eb8638eb" start="1679850554568" dump="1679850556138"/><sessioninfo id="rbicanic-UX430UAR-78d2a7f6" start="1679850565929" dump="1679850567515"/><sessioninfo id="rbicanic-UX430UAR-f98378a4" start="1679850578269" dump="1679850579663"/><sessioninfo id="rbicanic-UX430UAR-a2a3621a" start="1679850590701" dump="1679850592171"/><sessioninfo id="rbicanic-UX430UAR-a54e5e97" start="1679850600987" dump="1679850602432"/><sessioninfo id="rbicanic-UX430UAR-fcd6133d" start="1679852414215" dump="1679852415645"/><sessioninfo id="rbicanic-UX430UAR-3125b211" start="1679853307397" dump="1679853308818"/><sessioninfo id="rbicanic-UX430UAR-e62697fe" start="1679853488582" dump="1679853489968"/><sessioninfo id="rbicanic-UX430UAR-54419c7f" start="1679853743490" dump="1679853744912"/><sessioninfo id="rbicanic-UX430UAR-79ed9494" start="1679853804453" dump="1679853805801"/><sessioninfo id="rbicanic-UX430UAR-3de86a88" start="1679853994682" dump="1679853996205"/><sessioninfo id="rbicanic-UX430UAR-38a1528f" start="1679858618894" dump="1679858620273"/><sessioninfo id="rbicanic-UX430UAR-c6744247" start="1679858761374" dump="1679858762650"/><sessioninfo id="rbicanic-UX430UAR-da861c93" start="1679858806616" dump="1679858808177"/><sessioninfo id="rbicanic-UX430UAR-851da8a8" start="1679858896353" dump="1679858897789"/><sessioninfo id="rbicanic-UX430UAR-e5b25bbd" start="1679858938809" dump="1679858940302"/><sessioninfo id="rbicanic-UX430UAR-2f916d70" start="1679860166428" dump="1679860167740"/><package name="com/avajlauncher/model/aircraft"><class name="com/avajlauncher/model/aircraft/JetPlane" sourcefilename="JetPlane.java"><method name="&lt;clinit&gt;" desc="()V" line="14"><counter type="INSTRUCTION" missed="0" covered="28"/><counter type="LINE" missed="0" covered="7"/><counter type="COMPLEXITY" missed="0" covered="1"/><counter type="METHOD" missed="0" covered="1"/></method><method name="&lt;init&gt;" desc="(JLjava/lang/String;Lcom/avajlauncher/model/coordinates/Coordinates;)V" line="23"><counter type="INSTRUCTION" missed="0" covered="6"/><counter type="LINE" missed="0" covered="2"/><counter type="COMPLEXITY" missed="0" covered="1"/><counter type="METHOD" missed="0" covered="1"/></method><method name="updateConditions" desc="()V" line="27"><counter type="INSTRUCTION" missed="0" covered="90"/><counter type="BRANCH" missed="0" covered="7"/><counter type="LINE" missed="0" covered="25"/><counter type="COMPLEXITY" missed="0" covered="6"/><counter type="METHOD" missed="0" covered="1"/></method><method name="printWeatherMessage" desc="()V" line="66"><counter type="INSTRUCTION" missed="0" covered="21"/><counter type="LINE" missed="0" covered="4"/><counter type="COMPLEXITY" missed="0" covered="1"/><counter type="METHOD" missed="0" covered="1"/></method><method name="getWeatherMessage" desc="()Ljava/lang/String;" line="73"><counter type="INSTRUCTION" missed="0" covered="9"/><counter type="LINE" missed="0" covered="3"/><counter type="COMPLEXITY" missed="0" covered="1"/><counter type="METHOD" missed="0" covered="1"/></method><method name="isLanding" desc="()Z" line="81"><counter type="INSTRUCTION" missed="0" covered="8"/><counter type="BRANCH" missed="0" covered="2"/><counter type="LINE" missed="0" covered="1"/><counter type="COMPLEXITY" missed="0" covered="2"/><counter type="METHOD" missed="0" covered="1"/></method><method name="printLanding" desc="()V" line="85"><counter type="INSTRUCTION" missed="0" covered="18"/><counter type="LINE" missed="0" covered="3"/><counter type="COMPLEXITY" missed="0" covered="1"/><counter type="METHOD" missed="0" covered="1"/></method><method name="registerTower" desc="(Lcom/avajlauncher/model/tower/WeatherTower;)V" line="91"><counter type="INSTRUCTION" missed="0" covered="4"/><counter type="LINE" missed="0" covered="2"/><counter type="COMPLEXITY" missed="0" covered="1"/><counter type="METHOD" missed="0" covered="1"/></method><counter type="INSTRUCTION" missed="0" covered="184"/><counter type="BRANCH" missed="0" covered="9"/><counter type="LINE" missed="0" covered="47"/><counter type="COMPLEXITY" missed="0" covered="14"/><counter type="METHOD" missed="0" covered="8"/><counter type="CLASS" missed="0" covered="1"/></class><class name="com/avajlauncher/model/aircraft/Aircraft" sourcefilename="Aircraft.java"><method name="&lt;init&gt;" desc="(JLjava/lang/String;Lcom/avajlauncher/model/coordinates/Coordinates;)V" line="10"><counter type="INSTRUCTION" missed="0" covered="12"/><counter type="LINE" missed="0" covered="5"/><counter type="COMPLEXITY" missed="0" covered="1"/><counter type="METHOD" missed="0" covered="1"/></method><method name="setCoordinates" desc="(Lcom/avajlauncher/model/coordinates/Coordinates;)V" line="17"><counter type="INSTRUCTION" missed="0" covered="4"/><counter type="LINE" missed="0" covered="2"/><counter type="COMPLEXITY" missed="0" covered="1"/><counter type="METHOD" missed="0" covered="1"/></method><method name="equals" desc="(Ljava/lang/Object;)Z" line="22"><counter type="INSTRUCTION" missed="2" covered="37"/><counter type="BRANCH" missed="4" covered="8"/><counter type="LINE" missed="0" covered="6"/><counter type="COMPLEXITY" missed="4" covered="3"/><counter type="METHOD" missed="0" covered="1"/></method><method name="printData" desc="()V" line="33"><counter type="INSTRUCTION" missed="34" covered="0"/><counter type="LINE" missed="2" covered="0"/><counter type="COMPLEXITY" missed="1" covered="0"/><counter type="METHOD" missed="1" covered="0"/></method><counter type="INSTRUCTION" missed="36" covered="53"/><counter type="BRANCH" missed="4" covered="8"/><counter type="LINE" missed="2" covered="13"/><counter type="COMPLEXITY" missed="5" covered="5"/><counter type="METHOD" missed="1" covered="3"/><counter type="CLASS" missed="0" covered="1"/></class><class name="com/avajlauncher/model/aircraft/AircraftFactory" sourcefilename="AircraftFactory.java"><method name="&lt;clinit&gt;" desc="()V" line="7"><counter type="INSTRUCTION" missed="0" covered="7"/><counter type="LINE" missed="0" covered="2"/><counter type="COMPLEXITY" missed="0" covered="1"/><counter type="METHOD" missed="0" covered="1"/></method><method name="getInstance" desc="()Lcom/avajlauncher/model/aircraft/AircraftFactory;" line="13"><counter type="INSTRUCTION" missed="0" covered="2"/><counter type="LINE" missed="0" covered="1"/><counter type="COMPLEXITY" missed="0" covered="1"/><counter type="METHOD" missed="0" covered="1"/></method><method name="newAircraft" desc="(Ljava/lang/String;Ljava/lang/String;Lcom/avajlauncher/model/coordinates/Coordinates;)Lcom/avajlauncher/model/aircraft/Flyable;" line="21"><counter type="INSTRUCTION" missed="0" covered="43"/><counter type="BRANCH" missed="0" covered="4"/><counter type="LINE" missed="0" covered="6"/><counter type="COMPLEXITY" missed="0" covered="4"/><counter type="METHOD" missed="0" covered="1"/></method><counter type="INSTRUCTION" missed="0" covered="52"/><counter type="BRANCH" missed="0" covered="4"/><counter type="LINE" missed="0" covered="9"/><counter type="COMPLEXITY" missed="0" covered="6"/><counter type="METHOD" missed="0" covered="3"/><counter type="CLASS" missed="0" covered="1"/></class><class name="com/avajlauncher/model/aircraft/Baloon" sourcefilename="Baloon.java"><method name="&lt;clinit&gt;" desc="()V" line="14"><counter type="INSTRUCTION" missed="0" covered="28"/><counter type="LINE" missed="0" covered="7"/><counter type="COMPLEXITY" missed="0" covered="1"/><counter type="METHOD" missed="0" covered="1"/></method><method name="&lt;init&gt;" desc="(JLjava/lang/String;Lcom/avajlauncher/model/coordinates/Coordinates;)V" line="23"><counter type="INSTRUCTION" missed="0" covered="6"/><counter type="LINE" missed="0" covered="2"/><counter type="COMPLEXITY" missed="0" covered="1"/><counter type="METHOD" missed="0" covered="1"/></method><method name="updateConditions" desc="()V" line="27"><counter type="INSTRUCTION" missed="0" covered="90"/><counter type="BRANCH" missed="0" covered="7"/><counter type="LINE" missed="0" covered="25"/><counter type="COMPLEXITY" missed="0" covered="6"/><counter type="METHOD" missed="0" covered="1"/></method><method name="printWeatherMessage" desc="()V" line="66"><counter type="INSTRUCTION" missed="0" covered="21"/><counter type="LINE" missed="0" covered="4"/><counter type="COMPLEXITY" missed="0" covered="1"/><counter type="METHOD" missed="0" covered="1"/></method><method name="getWeatherMessage" desc="()Ljava/lang/String;" line="73"><counter type="INSTRUCTION" missed="0" covered="9"/><counter type="LINE" missed="0" covered="3"/><counter type="COMPLEXITY" missed="0" covered="1"/><counter type="METHOD" missed="0" covered="1"/></method><method name="isLanding" desc="()Z" line="81"><counter type="INSTRUCTION" missed="0" covered="8"/><counter type="BRANCH" missed="0" covered="2"/><counter type="LINE" missed="0" covered="1"/><counter type="COMPLEXITY" missed="0" covered="2"/><counter type="METHOD" missed="0" covered="1"/></method><method name="printLanding" desc="()V" line="85"><counter type="INSTRUCTION" missed="0" covered="18"/><counter type="LINE" missed="0" covered="3"/><counter type="COMPLEXITY" missed="0" covered="1"/><counter type="METHOD" missed="0" covered="1"/></method><method name="registerTower" desc="(Lcom/avajlauncher/model/tower/WeatherTower;)V" line="91"><counter type="INSTRUCTION" missed="0" covered="4"/><counter type="LINE" missed="0" covered="2"/><counter type="COMPLEXITY" missed="0" covered="1"/><counter type="METHOD" missed="0" covered="1"/></method><counter type="INSTRUCTION" missed="0" covered="184"/><counter type="BRANCH" missed="0" covered="9"/><counter type="LINE" missed="0" covered="47"/><counter type="COMPLEXITY" missed="0" covered="14"/><counter type="METHOD" missed="0" covered="8"/><counter type="CLASS" missed="0" covered="1"/></class><class name="com/avajlauncher/model/aircraft/Flyable" sourcefilename="Flyable.java"/><class name="com/avajlauncher/model/aircraft/Helicopter" sourcefilename="Helicopter.java"><method name="&lt;clinit&gt;" desc="()V" line="14"><counter type="INSTRUCTION" missed="0" covered="28"/><counter type="LINE" missed="0" covered="7"/><counter type="COMPLEXITY" missed="0" covered="1"/><counter type="METHOD" missed="0" covered="1"/></method><method name="&lt;init&gt;" desc="(JLjava/lang/String;Lcom/avajlauncher/model/coordinates/Coordinates;)V" line="23"><counter type="INSTRUCTION" missed="0" covered="6"/><counter type="LINE" missed="0" covered="2"/><counter type="COMPLEXITY" missed="0" covered="1"/><counter type="METHOD" missed="0" covered="1"/></method><method name="updateConditions" desc="()V" line="27"><counter type="INSTRUCTION" missed="0" covered="90"/><counter type="BRANCH" missed="0" covered="7"/><counter type="LINE" missed="0" covered="25"/><counter type="COMPLEXITY" missed="0" covered="6"/><counter type="METHOD" missed="0" covered="1"/></method><method name="printWeatherMessage" desc="()V" line="66"><counter type="INSTRUCTION" missed="0" covered="21"/><counter type="LINE" missed="0" covered="4"/><counter type="COMPLEXITY" missed="0" covered="1"/><counter type="METHOD" missed="0" covered="1"/></method><method name="getWeatherMessage" desc="()Ljava/lang/String;" line="73"><counter type="INSTRUCTION" missed="0" covered="9"/><counter type="LINE" missed="0" covered="3"/><counter type="COMPLEXITY" missed="0" covered="1"/><counter type="METHOD" missed="0" covered="1"/></method><method name="isLanding" desc="()Z" line="81"><counter type="INSTRUCTION" missed="0" covered="8"/><counter type="BRANCH" missed="0" covered="2"/><counter type="LINE" missed="0" covered="1"/><counter type="COMPLEXITY" missed="0" covered="2"/><counter type="METHOD" missed="0" covered="1"/></method><method name="printLanding" desc="()V" line="85"><counter type="INSTRUCTION" missed="0" covered="18"/><counter type="LINE" missed="0" covered="3"/><counter type="COMPLEXITY" missed="0" covered="1"/><counter type="METHOD" missed="0" covered="1"/></method><method name="registerTower" desc="(Lcom/avajlauncher/model/tower/WeatherTower;)V" line="91"><counter type="INSTRUCTION" missed="0" covered="4"/><counter type="LINE" missed="0" covered="2"/><counter type="COMPLEXITY" missed="0" covered="1"/><counter type="METHOD" missed="0" covered="1"/></method><counter type="INSTRUCTION" missed="0" covered="184"/><counter type="BRANCH" missed="0" covered="9"/><counter type="LINE" missed="0" covered="47"/><counter type="COMPLEXITY" missed="0" covered="14"/><counter type="METHOD" missed="0" covered="8"/><counter type="CLASS" missed="0" covered="1"/></class><sourcefile name="Helicopter.java"><line nr="14" mi="0" ci="4" mb="0" cb="0"/><line nr="15" mi="0" ci="5" mb="0" cb="0"/><line nr="16" mi="0" ci="5" mb="0" cb="0"/><line nr="17" mi="0" ci="5" mb="0" cb="0"/><line nr="18" mi="0" ci="5" mb="0" cb="0"/><line nr="19" mi="0" ci="3" mb="0" cb="0"/><line nr="20" mi="0" ci="1" mb="0" cb="0"/><line nr="23" mi="0" ci="5" mb="0" cb="0"/><line nr="24" mi="0" ci="1" mb="0" cb="0"/><line nr="27" mi="0" ci="2" mb="0" cb="0"/><line nr="28" mi="0" ci="9" mb="0" cb="5"/><line nr="31" mi="0" ci="4" mb="0" cb="0"/><line nr="32" mi="0" ci="5" mb="0" cb="0"/><line nr="33" mi="0" ci="3" mb="0" cb="0"/><line nr="34" mi="0" ci="4" mb="0" cb="0"/><line nr="36" mi="0" ci="1" mb="0" cb="0"/><line nr="38" mi="0" ci="4" mb="0" cb="0"/><line nr="39" mi="0" ci="5" mb="0" cb="0"/><line nr="40" mi="0" ci="3" mb="0" cb="0"/><line nr="41" mi="0" ci="4" mb="0" cb="0"/><line nr="43" mi="0" ci="1" mb="0" cb="0"/><line nr="45" mi="0" ci="4" mb="0" cb="0"/><line nr="46" mi="0" ci="3" mb="0" cb="0"/><line nr="47" mi="0" ci="3" mb="0" cb="0"/><line nr="48" mi="0" ci="6" mb="0" cb="0"/><line nr="50" mi="0" ci="1" mb="0" cb="0"/><line nr="52" mi="0" ci="4" mb="0" cb="0"/><line nr="53" mi="0" ci="5" mb="0" cb="0"/><line nr="54" mi="0" ci="3" mb="0" cb="0"/><line nr="55" mi="0" ci="6" mb="0" cb="0"/><line nr="59" mi="0" ci="3" mb="0" cb="2"/><line nr="60" mi="0" ci="2" mb="0" cb="0"/><line nr="61" mi="0" ci="4" mb="0" cb="0"/><line nr="63" mi="0" ci="1" mb="0" cb="0"/><line nr="66" mi="0" ci="2" mb="0" cb="0"/><line nr="67" mi="0" ci="15" mb="0" cb="0"/><line nr="68" mi="0" ci="3" mb="0" cb="0"/><line nr="70" mi="0" ci="1" mb="0" cb="0"/><line nr="73" mi="0" ci="1" mb="0" cb="0"/><line nr="74" mi="0" ci="3" mb="0" cb="0"/><line nr="75" mi="0" ci="5" mb="0" cb="0"/><line nr="81" mi="0" ci="8" mb="0" cb="2"/><line nr="85" mi="0" ci="2" mb="0" cb="0"/><line nr="86" mi="0" ci="15" mb="0" cb="0"/><line nr="88" mi="0" ci="1" mb="0" cb="0"/><line nr="91" mi="0" ci="3" mb="0" cb="0"/><line nr="92" mi="0" ci="1" mb="0" cb="0"/><counter type="INSTRUCTION" missed="0" covered="184"/><counter type="BRANCH" missed="0" covered="9"/><counter type="LINE" missed="0" covered="47"/><counter type="COMPLEXITY" missed="0" covered="14"/><counter type="METHOD" missed="0" covered="8"/><counter type="CLASS" missed="0" covered="1"/></sourcefile><sourcefile name="Baloon.java"><line nr="14" mi="0" ci="4" mb="0" cb="0"/><line nr="15" mi="0" ci="5" mb="0" cb="0"/><line nr="16" mi="0" ci="5" mb="0" cb="0"/><line nr="17" mi="0" ci="5" mb="0" cb="0"/><line nr="18" mi="0" ci="5" mb="0" cb="0"/><line nr="19" mi="0" ci="3" mb="0" cb="0"/><line nr="20" mi="0" ci="1" mb="0" cb="0"/><line nr="23" mi="0" ci="5" mb="0" cb="0"/><line nr="24" mi="0" ci="1" mb="0" cb="0"/><line nr="27" mi="0" ci="2" mb="0" cb="0"/><line nr="28" mi="0" ci="9" mb="0" cb="5"/><line nr="31" mi="0" ci="4" mb="0" cb="0"/><line nr="32" mi="0" ci="3" mb="0" cb="0"/><line nr="33" mi="0" ci="3" mb="0" cb="0"/><line nr="34" mi="0" ci="6" mb="0" cb="0"/><line nr="36" mi="0" ci="1" mb="0" cb="0"/><line nr="38" mi="0" ci="4" mb="0" cb="0"/><line nr="39" mi="0" ci="3" mb="0" cb="0"/><line nr="40" mi="0" ci="3" mb="0" cb="0"/><line nr="41" mi="0" ci="6" mb="0" cb="0"/><line nr="43" mi="0" ci="1" mb="0" cb="0"/><line nr="45" mi="0" ci="4" mb="0" cb="0"/><line nr="46" mi="0" ci="3" mb="0" cb="0"/><line nr="47" mi="0" ci="3" mb="0" cb="0"/><line nr="48" mi="0" ci="6" mb="0" cb="0"/><line nr="50" mi="0" ci="1" mb="0" cb="0"/><line nr="52" mi="0" ci="4" mb="0" cb="0"/><line nr="53" mi="0" ci="5" mb="0" cb="0"/><line nr="54" mi="0" ci="3" mb="0" cb="0"/><line nr="55" mi="0" ci="6" mb="0" cb="0"/><line nr="59" mi="0" ci="3" mb="0" cb="2"/><line nr="60" mi="0" ci="2" mb="0" cb="0"/><line nr="61" mi="0" ci="4" mb="0" cb="0"/><line nr="63" mi="0" ci="1" mb="0" cb="0"/><line nr="66" mi="0" ci="2" mb="0" cb="0"/><line nr="67" mi="0" ci="15" mb="0" cb="0"/><line nr="68" mi="0" ci="3" mb="0" cb="0"/><line nr="70" mi="0" ci="1" mb="0" cb="0"/><line nr="73" mi="0" ci="1" mb="0" cb="0"/><line nr="74" mi="0" ci="3" mb="0" cb="0"/><line nr="75" mi="0" ci="5" mb="0" cb="0"/><line nr="81" mi="0" ci="8" mb="0" cb="2"/><line nr="85" mi="0" ci="2" mb="0" cb="0"/><line nr="86" mi="0" ci="15" mb="0" cb="0"/><line nr="88" mi="0" ci="1" mb="0" cb="0"/><line nr="91" mi="0" ci="3" mb="0" cb="0"/><line nr="92" mi="0" ci="1" mb="0" cb="0"/><counter type="INSTRUCTION" missed="0" covered="184"/><counter type="BRANCH" missed="0" covered="9"/><counter type="LINE" missed="0" covered="47"/><counter type="COMPLEXITY" missed="0" covered="14"/><counter type="METHOD" missed="0" covered="8"/><counter type="CLASS" missed="0" covered="1"/></sourcefile><sourcefile name="AircraftFactory.java"><line nr="7" mi="0" ci="4" mb="0" cb="0"/><line nr="8" mi="0" ci="3" mb="0" cb="0"/><line nr="13" mi="0" ci="2" mb="0" cb="0"/><line nr="21" mi="0" ci="5" mb="0" cb="4"/><line nr="23" mi="0" ci="11" mb="0" cb="0"/><line nr="25" mi="0" ci="11" mb="0" cb="0"/><line nr="27" mi="0" ci="11" mb="0" cb="0"/><line nr="29" mi="0" ci="4" mb="0" cb="0"/><line nr="30" mi="0" ci="1" mb="0" cb="0"/><counter type="INSTRUCTION" missed="0" covered="52"/><counter type="BRANCH" missed="0" covered="4"/><counter type="LINE" missed="0" covered="9"/><counter type="COMPLEXITY" missed="0" covered="6"/><counter type="METHOD" missed="0" covered="3"/><counter type="CLASS" missed="0" covered="1"/></sourcefile><sourcefile name="Flyable.java"/><sourcefile name="Aircraft.java"><line nr="10" mi="0" ci="2" mb="0" cb="0"/><line nr="11" mi="0" ci="3" mb="0" cb="0"/><line nr="12" mi="0" ci="3" mb="0" cb="0"/><line nr="13" mi="0" ci="3" mb="0" cb="0"/><line nr="14" mi="0" ci="1" mb="0" cb="0"/><line nr="17" mi="0" ci="3" mb="0" cb="0"/><line nr="18" mi="0" ci="1" mb="0" cb="0"/><line nr="22" mi="0" ci="5" mb="0" cb="2"/><line nr="23" mi="0" ci="9" mb="1" cb="3"/><line nr="24" mi="0" ci="3" mb="0" cb="0"/><line nr="25" mi="2" ci="8" mb="1" cb="1"/><line nr="26" mi="0" ci="6" mb="1" cb="1"/><line nr="27" mi="0" ci="6" mb="1" cb="1"/><line nr="33" mi="33" ci="0" mb="0" cb="0"/><line nr="34" mi="1" ci="0" mb="0" cb="0"/><counter type="INSTRUCTION" missed="36" covered="53"/><counter type="BRANCH" missed="4" covered="8"/><counter type="LINE" missed="2" covered="13"/><counter type="COMPLEXITY" missed="5" covered="5"/><counter type="METHOD" missed="1" covered="3"/><counter type="CLASS" missed="0" covered="1"/></sourcefile><sourcefile name="JetPlane.java"><line nr="14" mi="0" ci="4" mb="0" cb="0"/><line nr="15" mi="0" ci="5" mb="0" cb="0"/><line nr="16" mi="0" ci="5" mb="0" cb="0"/><line nr="17" mi="0" ci="5" mb="0" cb="0"/><line nr="18" mi="0" ci="5" mb="0" cb="0"/><line nr="19" mi="0" ci="3" mb="0" cb="0"/><line nr="20" mi="0" ci="1" mb="0" cb="0"/><line nr="23" mi="0" ci="5" mb="0" cb="0"/><line nr="24" mi="0" ci="1" mb="0" cb="0"/><line nr="27" mi="0" ci="2" mb="0" cb="0"/><line nr="28" mi="0" ci="9" mb="0" cb="5"/><line nr="31" mi="0" ci="4" mb="0" cb="0"/><line nr="32" mi="0" ci="3" mb="0" cb="0"/><line nr="33" mi="0" ci="5" mb="0" cb="0"/><line nr="34" mi="0" ci="4" mb="0" cb="0"/><line nr="36" mi="0" ci="1" mb="0" cb="0"/><line nr="38" mi="0" ci="4" mb="0" cb="0"/><line nr="39" mi="0" ci="3" mb="0" cb="0"/><line nr="40" mi="0" ci="5" mb="0" cb="0"/><line nr="41" mi="0" ci="4" mb="0" cb="0"/><line nr="43" mi="0" ci="1" mb="0" cb="0"/><line nr="45" mi="0" ci="4" mb="0" cb="0"/><line nr="46" mi="0" ci="3" mb="0" cb="0"/><line nr="47" mi="0" ci="3" mb="0" cb="0"/><line nr="48" mi="0" ci="6" mb="0" cb="0"/><line nr="50" mi="0" ci="1" mb="0" cb="0"/><line nr="52" mi="0" ci="4" mb="0" cb="0"/><line nr="53" mi="0" ci="3" mb="0" cb="0"/><line nr="54" mi="0" ci="5" mb="0" cb="0"/><line nr="55" mi="0" ci="6" mb="0" cb="0"/><line nr="59" mi="0" ci="3" mb="0" cb="2"/><line nr="60" mi="0" ci="2" mb="0" cb="0"/><line nr="61" mi="0" ci="4" mb="0" cb="0"/><line nr="63" mi="0" ci="1" mb="0" cb="0"/><line nr="66" mi="0" ci="2" mb="0" cb="0"/><line nr="67" mi="0" ci="15" mb="0" cb="0"/><line nr="68" mi="0" ci="3" mb="0" cb="0"/><line nr="70" mi="0" ci="1" mb="0" cb="0"/><line nr="73" mi="0" ci="1" mb="0" cb="0"/><line nr="74" mi="0" ci="3" mb="0" cb="0"/><line nr="75" mi="0" ci="5" mb="0" cb="0"/><line nr="81" mi="0" ci="8" mb="0" cb="2"/><line nr="85" mi="0" ci="2" mb="0" cb="0"/><line nr="86" mi="0" ci="15" mb="0" cb="0"/><line nr="88" mi="0" ci="1" mb="0" cb="0"/><line nr="91" mi="0" ci="3" mb="0" cb="0"/><line nr="92" mi="0" ci="1" mb="0" cb="0"/><counter type="INSTRUCTION" missed="0" covered="184"/><counter type="BRANCH" missed="0" covered="9"/><counter type="LINE" missed="0" covered="47"/><counter type="COMPLEXITY" missed="0" covered="14"/><counter type="METHOD" missed="0" covered="8"/><counter type="CLASS" missed="0" covered="1"/></sourcefile><counter type="INSTRUCTION" missed="36" covered="657"/><counter type="BRANCH" missed="4" covered="39"/><counter type="LINE" missed="2" covered="163"/><counter type="COMPLEXITY" missed="5" covered="53"/><counter type="METHOD" missed="1" covered="30"/><counter type="CLASS" missed="0" covered="5"/></package><package name="com/avajlauncher/exceptions"><class name="com/avajlauncher/exceptions/ConfigExceptions" sourcefilename="ConfigExceptions.java"><method name="&lt;init&gt;" desc="(Ljava/lang/String;)V" line="5"><counter type="INSTRUCTION" missed="4" covered="0"/><counter type="LINE" missed="2" covered="0"/><counter type="COMPLEXITY" missed="1" covered="0"/><counter type="METHOD" missed="1" covered="0"/></method><counter type="INSTRUCTION" missed="4" covered="0"/><counter type="LINE" missed="2" covered="0"/><counter type="COMPLEXITY" missed="1" covered="0"/><counter type="METHOD" missed="1" covered="0"/><counter type="CLASS" missed="1" covered="0"/></class><class name="com/avajlauncher/exceptions/CoordinatesExceptions" sourcefilename="CoordinatesExceptions.java"><method name="&lt;init&gt;" desc="(Ljava/lang/String;)V" line="5"><counter type="INSTRUCTION" missed="4" covered="0"/><counter type="LINE" missed="2" covered="0"/><counter type="COMPLEXITY" missed="1" covered="0"/><counter type="METHOD" missed="1" covered="0"/></method><counter type="INSTRUCTION" missed="4" covered="0"/><counter type="LINE" missed="2" covered="0"/><counter type="COMPLEXITY" missed="1" covered="0"/><counter type="METHOD" missed="1" covered="0"/><counter type="CLASS" missed="1" covered="0"/></class><class name="com/avajlauncher/exceptions/IncorrectAircraftType" sourcefilename="IncorrectAircraftType.java"><method name="&lt;init&gt;" desc="(Ljava/lang/String;)V" line="5"><counter type="INSTRUCTION" missed="0" covered="4"/><counter type="LINE" missed="0" covered="2"/><counter type="COMPLEXITY" missed="0" covered="1"/><counter type="METHOD" missed="0" covered="1"/></method><counter type="INSTRUCTION" missed="0" covered="4"/><counter type="LINE" missed="0" covered="2"/><counter type="COMPLEXITY" missed="0" covered="1"/><counter type="METHOD" missed="0" covered="1"/><counter type="CLASS" missed="0" covered="1"/></class><sourcefile name="CoordinatesExceptions.java"><line nr="5" mi="3" ci="0" mb="0" cb="0"/><line nr="6" mi="1" ci="0" mb="0" cb="0"/><counter type="INSTRUCTION" missed="4" covered="0"/><counter type="LINE" missed="2" covered="0"/><counter type="COMPLEXITY" missed="1" covered="0"/><counter type="METHOD" missed="1" covered="0"/><counter type="CLASS" missed="1" covered="0"/></sourcefile><sourcefile name="ConfigExceptions.java"><line nr="5" mi="3" ci="0" mb="0" cb="0"/><line nr="6" mi="1" ci="0" mb="0" cb="0"/><counter type="INSTRUCTION" missed="4" covered="0"/><counter type="LINE" missed="2" covered="0"/><counter type="COMPLEXITY" missed="1" covered="0"/><counter type="METHOD" missed="1" covered="0"/><counter type="CLASS" missed="1" covered="0"/></sourcefile><sourcefile name="IncorrectAircraftType.java"><line nr="5" mi="0" ci="3" mb="0" cb="0"/><line nr="6" mi="0" ci="1" mb="0" cb="0"/><counter type="INSTRUCTION" missed="0" covered="4"/><counter type="LINE" missed="0" covered="2"/><counter type="COMPLEXITY" missed="0" covered="1"/><counter type="METHOD" missed="0" covered="1"/><counter type="CLASS" missed="0" covered="1"/></sourcefile><counter type="INSTRUCTION" missed="8" covered="4"/><counter type="LINE" missed="4" covered="2"/><counter type="COMPLEXITY" missed="2" covered="1"/><counter type="METHOD" missed="2" covered="1"/><counter type="CLASS" missed="2" covered="1"/></package><package name="com/avajlauncher/model/weather"><class name="com/avajlauncher/model/weather/WeatherProvider" sourcefilename="WeatherProvider.java"><method name="&lt;clinit&gt;" desc="()V" line="6"><counter type="INSTRUCTION" missed="0" covered="24"/><counter type="LINE" missed="0" covered="2"/><counter type="COMPLEXITY" missed="0" covered="1"/><counter type="METHOD" missed="0" covered="1"/></method><method name="getInstance" desc="()Lcom/avajlauncher/model/weather/WeatherProvider;" line="12"><counter type="INSTRUCTION" missed="0" covered="2"/><counter type="LINE" missed="0" covered="1"/><counter type="COMPLEXITY" missed="0" covered="1"/><counter type="METHOD" missed="0" covered="1"/></method><method name="getCurrentWeather" desc="(Lcom/avajlauncher/model/coordinates/Coordinates;)Ljava/lang/String;" line="16"><counter type="INSTRUCTION" missed="0" covered="15"/><counter type="LINE" missed="0" covered="5"/><counter type="COMPLEXITY" missed="0" covered="1"/><counter type="METHOD" missed="0" covered="1"/></method><counter type="INSTRUCTION" missed="0" covered="41"/><counter type="LINE" missed="0" covered="8"/><counter type="COMPLEXITY" missed="0" covered="3"/><counter type="METHOD" missed="0" covered="3"/><counter type="CLASS" missed="0" covered="1"/></class><sourcefile name="WeatherProvider.java"><line nr="6" mi="0" ci="19" mb="0" cb="0"/><line nr="7" mi="0" ci="5" mb="0" cb="0"/><line nr="12" mi="0" ci="2" mb="0" cb="0"/><line nr="16" mi="0" ci="1" mb="0" cb="0"/><line nr="17" mi="0" ci="4" mb="0" cb="0"/><line nr="18" mi="0" ci="2" mb="0" cb="0"/><line nr="19" mi="0" ci="2" mb="0" cb="0"/><line nr="20" mi="0" ci="6" mb="0" cb="0"/><counter type="INSTRUCTION" missed="0" covered="41"/><counter type="LINE" missed="0" covered="8"/><counter type="COMPLEXITY" missed="0" covered="3"/><counter type="METHOD" missed="0" covered="3"/><counter type="CLASS" missed="0" covered="1"/></sourcefile><counter type="INSTRUCTION" missed="0" covered="41"/><counter type="LINE" missed="0" covered="8"/><counter type="COMPLEXITY" missed="0" covered="3"/><counter type="METHOD" missed="0" covered="3"/><counter type="CLASS" missed="0" covered="1"/></package><package name="com/avajlauncher/controller"><class name="com/avajlauncher/controller/SimulationControllerFactory" sourcefilename="SimulationControllerFactory.java"><method name="&lt;init&gt;" desc="(Ljava/lang/String;)V" line="20"><counter type="INSTRUCTION" missed="0" covered="16"/><counter type="LINE" missed="0" covered="5"/><counter type="COMPLEXITY" missed="0" covered="1"/><counter type="METHOD" missed="0" covered="1"/></method><method name="newSimulationController" desc="()Lcom/avajlauncher/controller/SimulationController;" line="31"><counter type="INSTRUCTION" missed="0" covered="32"/><counter type="LINE" missed="0" covered="10"/><counter type="COMPLEXITY" missed="0" covered="1"/><counter type="METHOD" missed="0" covered="1"/></method><method name="openFile" desc="()Ljava/io/FileReader;" line="49"><counter type="INSTRUCTION" missed="0" covered="11"/><counter type="LINE" missed="0" covered="4"/><counter type="COMPLEXITY" missed="0" covered="1"/><counter type="METHOD" missed="0" covered="1"/></method><method name="getSimulationTime" desc="(Ljava/io/BufferedReader;)I" line="62"><counter type="INSTRUCTION" missed="6" covered="26"/><counter type="BRANCH" missed="0" covered="4"/><counter type="LINE" missed="3" covered="6"/><counter type="COMPLEXITY" missed="0" covered="3"/><counter type="METHOD" missed="0" covered="1"/></method><method name="registerAllAircraftInTower" desc="(Ljava/io/BufferedReader;Lcom/avajlauncher/model/tower/WeatherTower;)V" line="83"><counter type="INSTRUCTION" missed="5" covered="44"/><counter type="BRANCH" missed="1" covered="5"/><counter type="LINE" missed="1" covered="16"/><counter type="COMPLEXITY" missed="1" covered="3"/><counter type="METHOD" missed="0" covered="1"/></method><method name="registerAircraftInTower" desc="(Lcom/avajlauncher/model/tower/WeatherTower;)V" line="113"><counter type="INSTRUCTION" missed="0" covered="23"/><counter type="LINE" missed="0" covered="12"/><counter type="COMPLEXITY" missed="0" covered="1"/><counter type="METHOD" missed="0" covered="1"/></method><method name="closeReader" desc="(Ljava/io/BufferedReader;)V" line="130"><counter type="INSTRUCTION" missed="7" covered="4"/><counter type="LINE" missed="3" covered="3"/><counter type="COMPLEXITY" missed="0" covered="1"/><counter type="METHOD" missed="0" covered="1"/></method><counter type="INSTRUCTION" missed="18" covered="156"/><counter type="BRANCH" missed="1" covered="9"/><counter type="LINE" missed="7" covered="56"/><counter type="COMPLEXITY" missed="1" covered="11"/><counter type="METHOD" missed="0" covered="7"/><counter type="CLASS" missed="0" covered="1"/></class><class name="com/avajlauncher/controller/SimulationController" sourcefilename="SimulationController.java"><method name="&lt;init&gt;" desc="(ILcom/avajlauncher/model/tower/WeatherTower;)V" line="9"><counter type="INSTRUCTION" missed="0" covered="9"/><counter type="LINE" missed="0" covered="4"/><counter type="COMPLEXITY" missed="0" covered="1"/><counter type="METHOD" missed="0" covered="1"/></method><method name="runSimulation" desc="()V" line="15"><counter type="INSTRUCTION" missed="14" covered="0"/><counter type="BRANCH" missed="2" covered="0"/><counter type="LINE" missed="4" covered="0"/><counter type="COMPLEXITY" missed="2" covered="0"/><counter type="METHOD" missed="1" covered="0"/></method><counter type="INSTRUCTION" missed="14" covered="9"/><counter type="BRANCH" missed="2" covered="0"/><counter type="LINE" missed="4" covered="4"/><counter type="COMPLEXITY" missed="2" covered="1"/><counter type="METHOD" missed="1" covered="1"/><counter type="CLASS" missed="0" covered="1"/></class><sourcefile name="SimulationController.java"><line nr="9" mi="0" ci="2" mb="0" cb="0"/><line nr="10" mi="0" ci="3" mb="0" cb="0"/><line nr="11" mi="0" ci="3" mb="0" cb="0"/><line nr="12" mi="0" ci="1" mb="0" cb="0"/><line nr="15" mi="4" ci="0" mb="2" cb="0"/><line nr="16" mi="3" ci="0" mb="0" cb="0"/><line nr="17" mi="6" ci="0" mb="0" cb="0"/><line nr="19" mi="1" ci="0" mb="0" cb="0"/><counter type="INSTRUCTION" missed="14" covered="9"/><counter type="BRANCH" missed="2" covered="0"/><counter type="LINE" missed="4" covered="4"/><counter type="COMPLEXITY" missed="2" covered="1"/><counter type="METHOD" missed="1" covered="1"/><counter type="CLASS" missed="0" covered="1"/></sourcefile><sourcefile name="SimulationControllerFactory.java"><line nr="20" mi="0" ci="2" mb="0" cb="0"/><line nr="21" mi="0" ci="3" mb="0" cb="0"/><line nr="22" mi="0" ci="5" mb="0" cb="0"/><line nr="23" mi="0" ci="5" mb="0" cb="0"/><line nr="24" mi="0" ci="1" mb="0" cb="0"/><line nr="31" mi="0" ci="3" mb="0" cb="0"/><line nr="32" mi="0" ci="5" mb="0" cb="0"/><line nr="33" mi="0" ci="4" mb="0" cb="0"/><line nr="36" mi="0" ci="1" mb="0" cb="0"/><line nr="37" mi="0" ci="7" mb="0" cb="0"/><line nr="38" mi="0" ci="4" mb="0" cb="0"/><line nr="39" mi="0" ci="3" mb="0" cb="0"/><line nr="40" mi="0" ci="2" mb="0" cb="0"/><line nr="42" mi="0" ci="1" mb="0" cb="0"/><line nr="43" mi="0" ci="2" mb="0" cb="0"/><line nr="49" mi="0" ci="6" mb="0" cb="0"/><line nr="50" mi="0" ci="2" mb="0" cb="0"/><line nr="52" mi="0" ci="1" mb="0" cb="0"/><line nr="53" mi="0" ci="2" mb="0" cb="0"/><line nr="62" mi="0" ci="3" mb="0" cb="0"/><line nr="64" mi="0" ci="4" mb="0" cb="0"/><line nr="65" mi="0" ci="6" mb="0" cb="4"/><line nr="66" mi="0" ci="5" mb="0" cb="0"/><line nr="69" mi="0" ci="4" mb="0" cb="0"/><line nr="70" mi="0" ci="4" mb="0" cb="0"/><line nr="72" mi="1" ci="0" mb="0" cb="0"/><line nr="73" mi="3" ci="0" mb="0" cb="0"/><line nr="74" mi="2" ci="0" mb="0" cb="0"/><line nr="83" mi="0" ci="3" mb="0" cb="0"/><line nr="85" mi="0" ci="2" mb="1" cb="1"/><line nr="87" mi="5" ci="0" mb="0" cb="0"/><line nr="89" mi="0" ci="2" mb="0" cb="2"/><line nr="90" mi="0" ci="4" mb="0" cb="0"/><line nr="91" mi="0" ci="3" mb="0" cb="0"/><line nr="92" mi="0" ci="4" mb="0" cb="2"/><line nr="94" mi="0" ci="5" mb="0" cb="0"/><line nr="96" mi="0" ci="4" mb="0" cb="0"/><line nr="97" mi="0" ci="3" mb="0" cb="0"/><line nr="98" mi="0" ci="3" mb="0" cb="0"/><line nr="99" mi="0" ci="3" mb="0" cb="0"/><line nr="101" mi="0" ci="1" mb="0" cb="0"/><line nr="102" mi="0" ci="1" mb="0" cb="0"/><line nr="103" mi="0" ci="3" mb="0" cb="0"/><line nr="104" mi="0" ci="2" mb="0" cb="0"/><line nr="106" mi="0" ci="1" mb="0" cb="0"/><line nr="113" mi="0" ci="1" mb="0" cb="0"/><line nr="114" mi="0" ci="1" mb="0" cb="0"/><line nr="115" mi="0" ci="1" mb="0" cb="0"/><line nr="116" mi="0" ci="3" mb="0" cb="0"/><line nr="117" mi="0" ci="3" mb="0" cb="0"/><line nr="118" mi="0" ci="3" mb="0" cb="0"/><line nr="120" mi="0" ci="3" mb="0" cb="0"/><line nr="121" mi="0" ci="3" mb="0" cb="0"/><line nr="122" mi="0" ci="1" mb="0" cb="0"/><line nr="123" mi="0" ci="1" mb="0" cb="0"/><line nr="124" mi="0" ci="2" mb="0" cb="0"/><line nr="126" mi="0" ci="1" mb="0" cb="0"/><line nr="130" mi="0" ci="2" mb="0" cb="0"/><line nr="131" mi="0" ci="1" mb="0" cb="0"/><line nr="132" mi="1" ci="0" mb="0" cb="0"/><line nr="133" mi="4" ci="0" mb="0" cb="0"/><line nr="134" mi="2" ci="0" mb="0" cb="0"/><line nr="136" mi="0" ci="1" mb="0" cb="0"/><counter type="INSTRUCTION" missed="18" covered="156"/><counter type="BRANCH" missed="1" covered="9"/><counter type="LINE" missed="7" covered="56"/><counter type="COMPLEXITY" missed="1" covered="11"/><counter type="METHOD" missed="0" covered="7"/><counter type="CLASS" missed="0" covered="1"/></sourcefile><counter type="INSTRUCTION" missed="32" covered="165"/><counter type="BRANCH" missed="3" covered="9"/><counter type="LINE" missed="11" covered="60"/><counter type="COMPLEXITY" missed="3" covered="12"/><counter type="METHOD" missed="1" covered="8"/><counter type="CLASS" missed="0" covered="2"/></package><package name="com/avajlauncher"><class name="com/avajlauncher/App" sourcefilename="App.java"><method name="main" desc="([Ljava/lang/String;)V" line="11"><counter type="INSTRUCTION" missed="26" covered="0"/><counter type="BRANCH" missed="2" covered="0"/><counter type="LINE" missed="11" covered="0"/><counter type="COMPLEXITY" missed="2" covered="0"/><counter type="METHOD" missed="1" covered="0"/></method><counter type="INSTRUCTION" missed="26" covered="0"/><counter type="BRANCH" missed="2" covered="0"/><counter type="LINE" missed="11" covered="0"/><counter type="COMPLEXITY" missed="2" covered="0"/><counter type="METHOD" missed="1" covered="0"/><counter type="CLASS" missed="1" covered="0"/></class><sourcefile name="App.java"><line nr="11" mi="4" ci="0" mb="2" cb="0"/><line nr="12" mi="3" ci="0" mb="0" cb="0"/><line nr="15" mi="1" ci="0" mb="0" cb="0"/><line nr="16" mi="6" ci="0" mb="0" cb="0"/><line nr="17" mi="3" ci="0" mb="0" cb="0"/><line nr="18" mi="2" ci="0" mb="0" cb="0"/><line nr="19" mi="1" ci="0" mb="0" cb="0"/><line nr="20" mi="1" ci="0" mb="0" cb="0"/><line nr="21" mi="2" ci="0" mb="0" cb="0"/><line nr="22" mi="2" ci="0" mb="0" cb="0"/><line nr="24" mi="1" ci="0" mb="0" cb="0"/><counter type="INSTRUCTION" missed="26" covered="0"/><counter type="BRANCH" missed="2" covered="0"/><counter type="LINE" missed="11" covered="0"/><counter type="COMPLEXITY" missed="2" covered="0"/><counter type="METHOD" missed="1" covered="0"/><counter type="CLASS" missed="1" covered="0"/></sourcefile><counter type="INSTRUCTION" missed="26" covered="0"/><counter type="BRANCH" missed="2" covered="0"/><counter type="LINE" missed="11" covered="0"/><counter type="COMPLEXITY" missed="2" covered="0"/><counter type="METHOD" missed="1" covered="0"/><counter type="CLASS" missed="1" covered="0"/></package><package name="com/avajlauncher/model/configFileParser"><class name="com/avajlauncher/model/configFileParser/ConfigParser" sourcefilename="ConfigParser.java"><method name="&lt;init&gt;" desc="()V" line="6"><counter type="INSTRUCTION" missed="0" covered="3"/><counter type="LINE" missed="0" covered="1"/><counter type="COMPLEXITY" missed="0" covered="1"/><counter type="METHOD" missed="0" covered="1"/></method><method name="getSimulationTime" desc="()I" line="8"><counter type="INSTRUCTION" missed="0" covered="4"/><counter type="LINE" missed="0" covered="1"/><counter type="COMPLEXITY" missed="0" covered="1"/><counter type="METHOD" missed="0" covered="1"/></method><method name="getAircraftType" desc="()Ljava/lang/String;" line="12"><counter type="INSTRUCTION" missed="0" covered="6"/><counter type="LINE" missed="0" covered="1"/><counter type="COMPLEXITY" missed="0" covered="1"/><counter type="METHOD" missed="0" covered="1"/></method><method name="getAircraftName" desc="()Ljava/lang/String;" line="16"><counter type="INSTRUCTION" missed="0" covered="6"/><counter type="LINE" missed="0" covered="1"/><counter type="COMPLEXITY" missed="0" covered="1"/><counter type="METHOD" missed="0" covered="1"/></method><method name="getAircraftCoordinates" desc="()Lcom/avajlauncher/model/coordinates/Coordinates;" line="20"><counter type="INSTRUCTION" missed="0" covered="22"/><counter type="LINE" missed="0" covered="4"/><counter type="COMPLEXITY" missed="0" covered="1"/><counter type="METHOD" missed="0" covered="1"/></method><counter type="INSTRUCTION" missed="0" covered="41"/><counter type="LINE" missed="0" covered="8"/><counter type="COMPLEXITY" missed="0" covered="5"/><counter type="METHOD" missed="0" covered="5"/><counter type="CLASS" missed="0" covered="1"/></class><class name="com/avajlauncher/model/configFileParser/ConfigError" sourcefilename="ConfigError.java"><method name="&lt;init&gt;" desc="()V" line="3"><counter type="INSTRUCTION" missed="0" covered="3"/><counter type="LINE" missed="0" covered="1"/><counter type="COMPLEXITY" missed="0" covered="1"/><counter type="METHOD" missed="0" covered="1"/></method><method name="isSimulationTimeLineCorrect" desc="()Z" line="5"><counter type="INSTRUCTION" missed="0" covered="10"/><counter type="BRANCH" missed="0" covered="4"/><counter type="LINE" missed="0" covered="3"/><counter type="COMPLEXITY" missed="0" covered="3"/><counter type="METHOD" missed="0" covered="1"/></method><method name="isNumberOfTokenInSimulationLineCorrect" desc="()Z" line="12"><counter type="INSTRUCTION" missed="0" covered="13"/><counter type="BRANCH" missed="0" covered="2"/><counter type="LINE" missed="0" covered="2"/><counter type="COMPLEXITY" missed="0" covered="2"/><counter type="METHOD" missed="0" covered="1"/></method><method name="isSimulationLinePositive" desc="()Z" line="17"><counter type="INSTRUCTION" missed="0" covered="8"/><counter type="BRANCH" missed="0" covered="2"/><counter type="LINE" missed="0" covered="1"/><counter type="COMPLEXITY" missed="0" covered="2"/><counter type="METHOD" missed="0" covered="1"/></method><method name="isAircraftLineCorrect" desc="()Z" line="21"><counter type="INSTRUCTION" missed="0" covered="16"/><counter type="BRANCH" missed="3" covered="5"/><counter type="LINE" missed="0" covered="5"/><counter type="COMPLEXITY" missed="3" covered="2"/><counter type="METHOD" missed="0" covered="1"/></method><method name="isNumberOfTokenInAircraftLineCorrect" desc="()Z" line="30"><counter type="INSTRUCTION" missed="0" covered="13"/><counter type="BRANCH" missed="0" covered="2"/><counter type="LINE" missed="0" covered="2"/><counter type="COMPLEXITY" missed="0" covered="2"/><counter type="METHOD" missed="0" covered="1"/></method><method name="isLongitudePositive" desc="()Z" line="35"><counter type="INSTRUCTION" missed="0" covered="11"/><counter type="BRANCH" missed="0" covered="2"/><counter type="LINE" missed="0" covered="1"/><counter type="COMPLEXITY" missed="0" covered="2"/><counter type="METHOD" missed="0" covered="1"/></method><method name="isLatitudePositive" desc="()Z" line="39"><counter type="INSTRUCTION" missed="0" covered="11"/><counter type="BRANCH" missed="0" covered="2"/><counter type="LINE" missed="0" covered="1"/><counter type="COMPLEXITY" missed="0" covered="2"/><counter type="METHOD" missed="0" covered="1"/></method><method name="isHeightPositive" desc="()Z" line="43"><counter type="INSTRUCTION" missed="0" covered="11"/><counter type="BRANCH" missed="0" covered="2"/><counter type="LINE" missed="0" covered="1"/><counter type="COMPLEXITY" missed="0" covered="2"/><counter type="METHOD" missed="0" covered="1"/></method><counter type="INSTRUCTION" missed="0" covered="96"/><counter type="BRANCH" missed="3" covered="21"/><counter type="LINE" missed="0" covered="17"/><counter type="COMPLEXITY" missed="3" covered="18"/><counter type="METHOD" missed="0" covered="9"/><counter type="CLASS" missed="0" covered="1"/></class><class name="com/avajlauncher/model/configFileParser/Config" sourcefilename="Config.java"><method name="&lt;init&gt;" desc="()V" line="6"><counter type="INSTRUCTION" missed="0" covered="3"/><counter type="LINE" missed="0" covered="1"/><counter type="COMPLEXITY" missed="0" covered="1"/><counter type="METHOD" missed="0" covered="1"/></method><method name="setLine" desc="(Ljava/lang/String;)V" line="11"><counter type="INSTRUCTION" missed="0" covered="4"/><counter type="LINE" missed="0" covered="2"/><counter type="COMPLEXITY" missed="0" covered="1"/><counter type="METHOD" missed="0" covered="1"/></method><method name="tokenizeAirCraftLine" desc="()V" line="15"><counter type="INSTRUCTION" missed="0" covered="56"/><counter type="BRANCH" missed="0" covered="4"/><counter type="LINE" missed="0" covered="6"/><counter type="COMPLEXITY" missed="0" covered="3"/><counter type="METHOD" missed="0" covered="1"/></method><counter type="INSTRUCTION" missed="0" covered="63"/><counter type="BRANCH" missed="0" covered="4"/><counter type="LINE" missed="0" covered="9"/><counter type="COMPLEXITY" missed="0" covered="5"/><counter type="METHOD" missed="0" covered="3"/><counter type="CLASS" missed="0" covered="1"/></class><sourcefile name="Config.java"><line nr="6" mi="0" ci="3" mb="0" cb="0"/><line nr="11" mi="0" ci="3" mb="0" cb="0"/><line nr="12" mi="0" ci="1" mb="0" cb="0"/><line nr="15" mi="0" ci="5" mb="0" cb="0"/><line nr="16" mi="0" ci="5" mb="0" cb="0"/><line nr="17" mi="0" ci="23" mb="0" cb="0"/><line nr="19" mi="0" ci="12" mb="0" cb="4"/><line nr="20" mi="0" ci="10" mb="0" cb="0"/><line nr="22" mi="0" ci="1" mb="0" cb="0"/><counter type="INSTRUCTION" missed="0" covered="63"/><counter type="BRANCH" missed="0" covered="4"/><counter type="LINE" missed="0" covered="9"/><counter type="COMPLEXITY" missed="0" covered="5"/><counter type="METHOD" missed="0" covered="3"/><counter type="CLASS" missed="0" covered="1"/></sourcefile><sourcefile name="ConfigError.java"><line nr="3" mi="0" ci="3" mb="0" cb="0"/><line nr="5" mi="0" ci="2" mb="0" cb="0"/><line nr="6" mi="0" ci="3" mb="0" cb="2"/><line nr="7" mi="0" ci="5" mb="0" cb="2"/><line nr="12" mi="0" ci="5" mb="0" cb="0"/><line nr="13" mi="0" ci="8" mb="0" cb="2"/><line nr="17" mi="0" ci="8" mb="0" cb="2"/><line nr="21" mi="0" ci="2" mb="0" cb="0"/><line nr="22" mi="0" ci="3" mb="0" cb="2"/><line nr="23" mi="0" ci="3" mb="1" cb="1"/><line nr="24" mi="0" ci="3" mb="1" cb="1"/><line nr="25" mi="0" ci="5" mb="1" cb="1"/><line nr="30" mi="0" ci="5" mb="0" cb="0"/><line nr="31" mi="0" ci="8" mb="0" cb="2"/><line nr="35" mi="0" ci="11" mb="0" cb="2"/><line nr="39" mi="0" ci="11" mb="0" cb="2"/><line nr="43" mi="0" ci="11" mb="0" cb="2"/><counter type="INSTRUCTION" missed="0" covered="96"/><counter type="BRANCH" missed="3" covered="21"/><counter type="LINE" missed="0" covered="17"/><counter type="COMPLEXITY" missed="3" covered="18"/><counter type="METHOD" missed="0" covered="9"/><counter type="CLASS" missed="0" covered="1"/></sourcefile><sourcefile name="ConfigParser.java"><line nr="6" mi="0" ci="3" mb="0" cb="0"/><line nr="8" mi="0" ci="4" mb="0" cb="0"/><line nr="12" mi="0" ci="6" mb="0" cb="0"/><line nr="16" mi="0" ci="6" mb="0" cb="0"/><line nr="20" mi="0" ci="4" mb="0" cb="0"/><line nr="21" mi="0" ci="6" mb="0" cb="0"/><line nr="22" mi="0" ci="6" mb="0" cb="0"/><line nr="23" mi="0" ci="6" mb="0" cb="0"/><counter type="INSTRUCTION" missed="0" covered="41"/><counter type="LINE" missed="0" covered="8"/><counter type="COMPLEXITY" missed="0" covered="5"/><counter type="METHOD" missed="0" covered="5"/><counter type="CLASS" missed="0" covered="1"/></sourcefile><counter type="INSTRUCTION" missed="0" covered="200"/><counter type="BRANCH" missed="3" covered="25"/><counter type="LINE" missed="0" covered="34"/><counter type="COMPLEXITY" missed="3" covered="28"/><counter type="METHOD" missed="0" covered="17"/><counter type="CLASS" missed="0" covered="3"/></package><package name="com/avajlauncher/model/coordinates"><class name="com/avajlauncher/model/coordinates/Coordinates" sourcefilename="Coordinates.java"><method name="&lt;init&gt;" desc="(III)V" line="8"><counter type="INSTRUCTION" missed="0" covered="17"/><counter type="BRANCH" missed="0" covered="2"/><counter type="LINE" missed="0" covered="7"/><counter type="COMPLEXITY" missed="0" covered="2"/><counter type="METHOD" missed="0" covered="1"/></method><method name="getLongitude" desc="()I" line="18"><counter type="INSTRUCTION" missed="0" covered="3"/><counter type="LINE" missed="0" covered="1"/><counter type="COMPLEXITY" missed="0" covered="1"/><counter type="METHOD" missed="0" covered="1"/></method><method name="getLatitude" desc="()I" line="22"><counter type="INSTRUCTION" missed="0" covered="3"/><counter type="LINE" missed="0" covered="1"/><counter type="COMPLEXITY" missed="0" covered="1"/><counter type="METHOD" missed="0" covered="1"/></method><method name="getHeight" desc="()I" line="26"><counter type="INSTRUCTION" missed="0" covered="3"/><counter type="LINE" missed="0" covered="1"/><counter type="COMPLEXITY" missed="0" covered="1"/><counter type="METHOD" missed="0" covered="1"/></method><method name="equals" desc="(Ljava/lang/Object;)Z" line="31"><counter type="INSTRUCTION" missed="4" covered="32"/><counter type="BRANCH" missed="4" covered="8"/><counter type="LINE" missed="0" covered="6"/><counter type="COMPLEXITY" missed="4" covered="3"/><counter type="METHOD" missed="0" covered="1"/></method><counter type="INSTRUCTION" missed="4" covered="58"/><counter type="BRANCH" missed="4" covered="10"/><counter type="LINE" missed="0" covered="16"/><counter type="COMPLEXITY" missed="4" covered="8"/><counter type="METHOD" missed="0" covered="5"/><counter type="CLASS" missed="0" covered="1"/></class><sourcefile name="Coordinates.java"><line nr="8" mi="0" ci="2" mb="0" cb="0"/><line nr="9" mi="0" ci="3" mb="0" cb="2"/><line nr="10" mi="0" ci="2" mb="0" cb="0"/><line nr="12" mi="0" ci="3" mb="0" cb="0"/><line nr="13" mi="0" ci="3" mb="0" cb="0"/><line nr="14" mi="0" ci="3" mb="0" cb="0"/><line nr="15" mi="0" ci="1" mb="0" cb="0"/><line nr="18" mi="0" ci="3" mb="0" cb="0"/><line nr="22" mi="0" ci="3" mb="0" cb="0"/><line nr="26" mi="0" ci="3" mb="0" cb="0"/><line nr="31" mi="2" ci="3" mb="1" cb="1"/><line nr="32" mi="2" ci="7" mb="2" cb="2"/><line nr="33" mi="0" ci="3" mb="0" cb="0"/><line nr="34" mi="0" ci="9" mb="1" cb="1"/><line nr="35" mi="0" ci="5" mb="0" cb="2"/><line nr="36" mi="0" ci="5" mb="0" cb="2"/><counter type="INSTRUCTION" missed="4" covered="58"/><counter type="BRANCH" missed="4" covered="10"/><counter type="LINE" missed="0" covered="16"/><counter type="COMPLEXITY" missed="4" covered="8"/><counter type="METHOD" missed="0" covered="5"/><counter type="CLASS" missed="0" covered="1"/></sourcefile><counter type="INSTRUCTION" missed="4" covered="58"/><counter type="BRANCH" missed="4" covered="10"/><counter type="LINE" missed="0" covered="16"/><counter type="COMPLEXITY" missed="4" covered="8"/><counter type="METHOD" missed="0" covered="5"/><counter type="CLASS" missed="0" covered="1"/></package><package name="com/avajlauncher/model/tower"><class name="com/avajlauncher/model/tower/Tower" sourcefilename="Tower.java"><method name="&lt;init&gt;" desc="()V" line="9"><counter type="INSTRUCTION" missed="0" covered="8"/><counter type="LINE" missed="0" covered="2"/><counter type="COMPLEXITY" missed="0" covered="1"/><counter type="METHOD" missed="0" covered="1"/></method><method name="register" desc="(Lcom/avajlauncher/model/aircraft/Flyable;)V" line="13"><counter type="INSTRUCTION" missed="0" covered="6"/><counter type="LINE" missed="0" covered="2"/><counter type="COMPLEXITY" missed="0" covered="1"/><counter type="METHOD" missed="0" covered="1"/></method><method name="unregister" desc="(Lcom/avajlauncher/model/aircraft/Flyable;)V" line="17"><counter type="INSTRUCTION" missed="0" covered="6"/><counter type="LINE" missed="0" covered="2"/><counter type="COMPLEXITY" missed="0" covered="1"/><counter type="METHOD" missed="0" covered="1"/></method><method name="conditionChanged" desc="()V" line="21"><counter type="INSTRUCTION" missed="15" covered="0"/><counter type="BRANCH" missed="2" covered="0"/><counter type="LINE" missed="3" covered="0"/><counter type="COMPLEXITY" missed="2" covered="0"/><counter type="METHOD" missed="1" covered="0"/></method><method name="equals" desc="(Lcom/avajlauncher/model/tower/Tower;)Z" line="27"><counter type="INSTRUCTION" missed="4" covered="46"/><counter type="BRANCH" missed="4" covered="6"/><counter type="LINE" missed="2" covered="8"/><counter type="COMPLEXITY" missed="4" covered="2"/><counter type="METHOD" missed="0" covered="1"/></method><method name="printAicrafts" desc="()V" line="44"><counter type="INSTRUCTION" missed="21" covered="0"/><counter type="BRANCH" missed="4" covered="0"/><counter type="LINE" missed="5" covered="0"/><counter type="COMPLEXITY" missed="3" covered="0"/><counter type="METHOD" missed="1" covered="0"/></method><counter type="INSTRUCTION" missed="40" covered="66"/><counter type="BRANCH" missed="10" covered="6"/><counter type="LINE" missed="10" covered="14"/><counter type="COMPLEXITY" missed="9" covered="5"/><counter type="METHOD" missed="2" covered="4"/><counter type="CLASS" missed="0" covered="1"/></class><class name="com/avajlauncher/model/tower/WeatherTower" sourcefilename="WeatherTower.java"><method name="&lt;init&gt;" desc="()V" line="6"><counter type="INSTRUCTION" missed="0" covered="3"/><counter type="LINE" missed="0" covered="1"/><counter type="COMPLEXITY" missed="0" covered="1"/><counter type="METHOD" missed="0" covered="1"/></method><method name="getWeather" desc="(Lcom/avajlauncher/model/coordinates/Coordinates;)Ljava/lang/String;" line="8"><counter type="INSTRUCTION" missed="0" covered="4"/><counter type="LINE" missed="0" covered="2"/><counter type="COMPLEXITY" missed="0" covered="1"/><counter type="METHOD" missed="0" covered="1"/></method><method name="changeWeather" desc="()V" line="14"><counter type="INSTRUCTION" missed="3" covered="0"/><counter type="LINE" missed="2" covered="0"/><counter type="COMPLEXITY" missed="1" covered="0"/><counter type="METHOD" missed="1" covered="0"/></method><counter type="INSTRUCTION" missed="3" covered="7"/><counter type="LINE" missed="2" covered="3"/><counter type="COMPLEXITY" missed="1" covered="2"/><counter type="METHOD" missed="1" covered="2"/><counter type="CLASS" missed="0" covered="1"/></class><sourcefile name="WeatherTower.java"><line nr="6" mi="0" ci="3" mb="0" cb="0"/><line nr="8" mi="0" ci="2" mb="0" cb="0"/><line nr="9" mi="0" ci="2" mb="0" cb="0"/><line nr="14" mi="2" ci="0" mb="0" cb="0"/><line nr="15" mi="1" ci="0" mb="0" cb="0"/><counter type="INSTRUCTION" missed="3" covered="7"/><counter type="LINE" missed="2" covered="3"/><counter type="COMPLEXITY" missed="1" covered="2"/><counter type="METHOD" missed="1" covered="2"/><counter type="CLASS" missed="0" covered="1"/></sourcefile><sourcefile name="Tower.java"><line nr="9" mi="0" ci="3" mb="0" cb="0"/><line nr="10" mi="0" ci="5" mb="0" cb="0"/><line nr="13" mi="0" ci="5" mb="0" cb="0"/><line nr="14" mi="0" ci="1" mb="0" cb="0"/><line nr="17" mi="0" ci="5" mb="0" cb="0"/><line nr="18" mi="0" ci="1" mb="0" cb="0"/><line nr="21" mi="12" ci="0" mb="2" cb="0"/><line nr="22" mi="2" ci="0" mb="0" cb="0"/><line nr="24" mi="1" ci="0" mb="0" cb="0"/><line nr="27" mi="0" ci="7" mb="1" cb="1"/><line nr="28" mi="2" ci="0" mb="0" cb="0"/><line nr="30" mi="0" ci="9" mb="0" cb="2"/><line nr="31" mi="0" ci="6" mb="1" cb="1"/><line nr="32" mi="0" ci="6" mb="1" cb="1"/><line nr="33" mi="0" ci="6" mb="0" cb="0"/><line nr="34" mi="0" ci="6" mb="0" cb="0"/><line nr="35" mi="0" ci="4" mb="1" cb="1"/><line nr="36" mi="2" ci="0" mb="0" cb="0"/><line nr="40" mi="0" ci="2" mb="0" cb="0"/><line nr="44" mi="12" ci="0" mb="2" cb="0"/><line nr="45" mi="3" ci="0" mb="2" cb="0"/><line nr="46" mi="3" ci="0" mb="0" cb="0"/><line nr="47" mi="2" ci="0" mb="0" cb="0"/><line nr="50" mi="1" ci="0" mb="0" cb="0"/><counter type="INSTRUCTION" missed="40" covered="66"/><counter type="BRANCH" missed="10" covered="6"/><counter type="LINE" missed="10" covered="14"/><counter type="COMPLEXITY" missed="9" covered="5"/><counter type="METHOD" missed="2" covered="4"/><counter type="CLASS" missed="0" covered="1"/></sourcefile><counter type="INSTRUCTION" missed="43" covered="73"/><counter type="BRANCH" missed="10" covered="6"/><counter type="LINE" missed="12" covered="17"/><counter type="COMPLEXITY" missed="10" covered="7"/><counter type="METHOD" missed="3" covered="6"/><counter type="CLASS" missed="0" covered="2"/></package><counter type="INSTRUCTION" missed="149" covered="1198"/><counter type="BRANCH" missed="26" covered="89"/><counter type="LINE" missed="40" covered="300"/><counter type="COMPLEXITY" missed="29" covered="112"/><counter type="METHOD" missed="8" covered="70"/><counter type="CLASS" missed="3" covered="15"/></report>