<?xml version="1.0" encoding="UTF-8" standalone="yes"?><!DOCTYPE report PUBLIC "-//JACOCO//DTD Report 1.1//EN" "report.dtd"><report name="avaj-launcher"><sessioninfo id="e1r5p5.clusters.42paris.fr-c38291b9" start="1678971811021" dump="1678971811332"/><sessioninfo id="e1r5p5.clusters.42paris.fr-59a25bea" start="1678971838376" dump="1678971838666"/><sessioninfo id="e1r5p5.clusters.42paris.fr-7f15f815" start="1678971897468" dump="1678971897756"/><sessioninfo id="e1r5p5.clusters.42paris.fr-d9739e94" start="1678971942700" dump="1678971942996"/><sessioninfo id="e1r5p5.clusters.42paris.fr-3d5cfa30" start="1678975611754" dump="1678975612052"/><sessioninfo id="e1r5p5.clusters.42paris.fr-8331c285" start="1678978181330" dump="1678978181624"/><sessioninfo id="e1r5p5.clusters.42paris.fr-65a946a8" start="1678978387523" dump="1678978387845"/><sessioninfo id="e1r5p5.clusters.42paris.fr-f277c028" start="1678978445189" dump="1678978445485"/><sessioninfo id="e1r5p5.clusters.42paris.fr-a273b99e" start="1678980181074" dump="1678980181381"/><sessioninfo id="e1r5p5.clusters.42paris.fr-298ff163" start="1678980297690" dump="1678980297976"/><sessioninfo id="e1r5p5.clusters.42paris.fr-41b10c43" start="1678980340940" dump="1678980341267"/><sessioninfo id="e1r5p5.clusters.42paris.fr-e54f64a3" start="1678980363631" dump="1678980363950"/><sessioninfo id="e1r5p5.clusters.42paris.fr-58447c3f" start="1678980401501" dump="1678980401804"/><sessioninfo id="e1r5p5.clusters.42paris.fr-99280a46" start="1678981487280" dump="1678981487603"/><sessioninfo id="e1r5p5.clusters.42paris.fr-23ba6e1f" start="1678981655386" dump="1678981655705"/><sessioninfo id="e1r5p5.clusters.42paris.fr-ac6923b" start="1678981678461" dump="1678981678776"/><sessioninfo id="e1r5p5.clusters.42paris.fr-71565db9" start="1678981756142" dump="1678981756461"/><sessioninfo id="e1r5p5.clusters.42paris.fr-a5a7366f" start="1678981814978" dump="1678981815298"/><sessioninfo id="e1r5p5.clusters.42paris.fr-440dfa38" start="1678983463022" dump="1678983463333"/><sessioninfo id="e1r5p5.clusters.42paris.fr-9c7fc1b0" start="1678983507125" dump="1678983507437"/><sessioninfo id="e1r5p5.clusters.42paris.fr-2987b21b" start="1678983514473" dump="1678983514790"/><sessioninfo id="e1r5p5.clusters.42paris.fr-26d37bd2" start="1678986079738" dump="1678986080082"/><sessioninfo id="e1r5p5.clusters.42paris.fr-abc61e26" start="1678986107149" dump="1678986107477"/><sessioninfo id="e1r5p5.clusters.42paris.fr-a0991d9c" start="1678986124614" dump="1678986124953"/><sessioninfo id="e1r5p5.clusters.42paris.fr-7b6aba3" start="1678986418216" dump="1678986418542"/><sessioninfo id="e1r5p5.clusters.42paris.fr-620bc67f" start="1678986456111" dump="1678986456447"/><sessioninfo id="e1r5p5.clusters.42paris.fr-567e708d" start="1678986591259" dump="1678986591592"/><sessioninfo id="e1r5p5.clusters.42paris.fr-5bf9a787" start="1678986858839" dump="1678986859178"/><sessioninfo id="e1r5p5.clusters.42paris.fr-888b376" start="1678986922428" dump="1678986922765"/><sessioninfo id="e1r5p5.clusters.42paris.fr-d8ccd15e" start="1678987201663" dump="1678987201993"/><sessioninfo id="e1r5p3.clusters.42paris.fr-8119e8ed" start="1679056412931" dump="1679056413335"/><sessioninfo id="e1r5p3.clusters.42paris.fr-8d4bb947" start="1679056501639" dump="1679056502029"/><sessioninfo id="e1r5p3.clusters.42paris.fr-ed9c9a7b" start="1679056521810" dump="1679056522219"/><sessioninfo id="e1r5p3.clusters.42paris.fr-e1647800" start="1679056556811" dump="1679056557223"/><sessioninfo id="e1r5p3.clusters.42paris.fr-b3ee4658" start="1679056607532" dump="1679056607919"/><sessioninfo id="e1r5p3.clusters.42paris.fr-624293cc" start="1679056613907" dump="1679056614297"/><sessioninfo id="e1r5p3.clusters.42paris.fr-d964b18d" start="1679056659159" dump="1679056659558"/><sessioninfo id="e1r5p3.clusters.42paris.fr-7d323f26" start="1679056670979" dump="1679056671375"/><sessioninfo id="e1r5p3.clusters.42paris.fr-17d61350" start="1679056720227" dump="1679056720628"/><sessioninfo id="e1r5p3.clusters.42paris.fr-40692ade" start="1679056762026" dump="1679056762435"/><sessioninfo id="e1r5p3.clusters.42paris.fr-dd14e0b0" start="1679056801283" dump="1679056801685"/><sessioninfo id="e1r5p3.clusters.42paris.fr-d0699c1c" start="1679056822700" dump="1679056823090"/><sessioninfo id="e1r5p3.clusters.42paris.fr-de42756d" start="1679056851873" dump="1679056852258"/><sessioninfo id="e1r5p3.clusters.42paris.fr-d237005" start="1679056865010" dump="1679056865386"/><sessioninfo id="e1r5p3.clusters.42paris.fr-2ac31d2f" start="1679062023227" dump="1679062023620"/><sessioninfo id="e1r5p3.clusters.42paris.fr-373d5973" start="1679062070116" dump="1679062070516"/><sessioninfo id="e1r5p3.clusters.42paris.fr-e1c01670" start="1679062368957" dump="1679062369379"/><sessioninfo id="e1r5p3.clusters.42paris.fr-74d9cc7c" start="1679064111336" dump="1679064111764"/><sessioninfo id="e1r5p3.clusters.42paris.fr-718614eb" start="1679064140060" dump="1679064140479"/><sessioninfo id="e1r5p3.clusters.42paris.fr-e37f8246" start="1679064246938" dump="1679064247360"/><sessioninfo id="e1r5p3.clusters.42paris.fr-e99f6b38" start="1679064332823" dump="1679064333281"/><sessioninfo id="e1r5p3.clusters.42paris.fr-2c539ed5" start="1679064591935" dump="1679064592368"/><sessioninfo id="e1r5p3.clusters.42paris.fr-1b60915f" start="1679064756171" dump="1679064756615"/><sessioninfo id="e1r5p3.clusters.42paris.fr-2e1a82d3" start="1679064779144" dump="1679064779569"/><sessioninfo id="e1r5p3.clusters.42paris.fr-f35b168b" start="1679065405622" dump="1679065406045"/><sessioninfo id="e1r5p3.clusters.42paris.fr-fa7aa263" start="1679065581999" dump="1679065582432"/><sessioninfo id="e1r5p3.clusters.42paris.fr-b2b799d6" start="1679065620343" dump="1679065620784"/><sessioninfo id="e1r5p3.clusters.42paris.fr-c39579e6" start="1679065631776" dump="1679065632199"/><sessioninfo id="e1r5p3.clusters.42paris.fr-67575aba" start="1679065651244" dump="1679065651667"/><sessioninfo id="e1r5p3.clusters.42paris.fr-492a55df" start="1679065736216" dump="1679065736654"/><sessioninfo id="e1r5p3.clusters.42paris.fr-d87bdf8e" start="1679065745924" dump="1679065746390"/><sessioninfo id="e1r5p3.clusters.42paris.fr-a4e94c9b" start="1679065799258" dump="1679065799695"/><sessioninfo id="e1r5p3.clusters.42paris.fr-d36ad231" start="1679065866719" dump="1679065867152"/><sessioninfo id="e1r5p3.clusters.42paris.fr-90c5d8d8" start="1679066248296" dump="1679066248708"/><sessioninfo id="e1r5p3.clusters.42paris.fr-7f91b97f" start="1679067250150" dump="1679067250602"/><sessioninfo id="e1r5p3.clusters.42paris.fr-2489e6b2" start="1679067274431" dump="1679067274867"/><sessioninfo id="e1r5p3.clusters.42paris.fr-4b347a9" start="1679067303912" dump="1679067304372"/><sessioninfo id="e1r5p3.clusters.42paris.fr-3390121a" start="1679067316273" dump="1679067316707"/><sessioninfo id="e1r5p3.clusters.42paris.fr-3b04e161" start="1679067330078" dump="1679067330517"/><sessioninfo id="e1r5p3.clusters.42paris.fr-95a28950" start="1679067337797" dump="1679067338233"/><sessioninfo id="e1r5p3.clusters.42paris.fr-480d7b96" start="1679067350859" dump="1679067351290"/><sessioninfo id="e1r5p3.clusters.42paris.fr-837a51d7" start="1679067397201" dump="1679067397668"/><sessioninfo id="e1r5p3.clusters.42paris.fr-2c891516" start="1679067421057" dump="1679067421494"/><sessioninfo id="e1r5p3.clusters.42paris.fr-45d3779a" start="1679067439973" dump="1679067440400"/><sessioninfo id="e1r5p3.clusters.42paris.fr-50107e11" start="1679067507652" dump="1679067508107"/><sessioninfo id="e1r5p3.clusters.42paris.fr-eb523027" start="1679068149561" dump="1679068150035"/><sessioninfo id="e1r5p3.clusters.42paris.fr-2a6da7c9" start="1679068173268" dump="1679068173733"/><sessioninfo id="e1r5p3.clusters.42paris.fr-1bae512b" start="1679068183096" dump="1679068183567"/><sessioninfo id="e1r5p3.clusters.42paris.fr-63fe2d81" start="1679068200679" dump="1679068201191"/><sessioninfo id="e1r5p3.clusters.42paris.fr-83198aa" start="1679068317766" dump="1679068318281"/><sessioninfo id="e1r5p3.clusters.42paris.fr-f417fead" start="1679068865342" dump="1679068865816"/><sessioninfo id="e1r5p3.clusters.42paris.fr-93166419" start="1679069075045" dump="1679069075575"/><sessioninfo id="e1r5p3.clusters.42paris.fr-728a6d56" start="1679069182047" dump="1679069182518"/><sessioninfo id="e1r5p3.clusters.42paris.fr-c772871b" start="1679069198867" dump="1679069199350"/><package name="com/avajlauncher"><class name="com/avajlauncher/IncorrectAircraftType" sourcefilename="IncorrectAircraftType.java"><method name="&lt;init&gt;" desc="(Ljava/lang/String;)V" line="5"><counter type="INSTRUCTION" missed="0" covered="4"/><counter type="LINE" missed="0" covered="2"/><counter type="COMPLEXITY" missed="0" covered="1"/><counter type="METHOD" missed="0" covered="1"/></method><counter type="INSTRUCTION" missed="0" covered="4"/><counter type="LINE" missed="0" covered="2"/><counter type="COMPLEXITY" missed="0" covered="1"/><counter type="METHOD" missed="0" covered="1"/><counter type="CLASS" missed="0" covered="1"/></class><class name="com/avajlauncher/WeatherTower" sourcefilename="WeatherTower.java"><method name="&lt;init&gt;" desc="()V" line="6"><counter type="INSTRUCTION" missed="0" covered="3"/><counter type="LINE" missed="0" covered="1"/><counter type="COMPLEXITY" missed="0" covered="1"/><counter type="METHOD" missed="0" covered="1"/></method><method name="getWeather" desc="(Lcom/avajlauncher/Coordinates;)Ljava/lang/String;" line="8"><counter type="INSTRUCTION" missed="0" covered="4"/><counter type="LINE" missed="0" covered="2"/><counter type="COMPLEXITY" missed="0" covered="1"/><counter type="METHOD" missed="0" covered="1"/></method><method name="changeWeather" desc="()V" line="15"><counter type="INSTRUCTION" missed="1" covered="0"/><counter type="LINE" missed="1" covered="0"/><counter type="COMPLEXITY" missed="1" covered="0"/><counter type="METHOD" missed="1" covered="0"/></method><counter type="INSTRUCTION" missed="1" covered="7"/><counter type="LINE" missed="1" covered="3"/><counter type="COMPLEXITY" missed="1" covered="2"/><counter type="METHOD" missed="1" covered="2"/><counter type="CLASS" missed="0" covered="1"/></class><class name="com/avajlauncher/App" sourcefilename="App.java"><method name="main" desc="([Ljava/lang/String;)V" line="12"><counter type="INSTRUCTION" missed="4" covered="0"/><counter type="LINE" missed="2" covered="0"/><counter type="COMPLEXITY" missed="1" covered="0"/><counter type="METHOD" missed="1" covered="0"/></method><counter type="INSTRUCTION" missed="4" covered="0"/><counter type="LINE" missed="2" covered="0"/><counter type="COMPLEXITY" missed="1" covered="0"/><counter type="METHOD" missed="1" covered="0"/><counter type="CLASS" missed="1" covered="0"/></class><class name="com/avajlauncher/Flyable" sourcefilename="Flyable.java"/><class name="com/avajlauncher/Aircraft" sourcefilename="Aircraft.java"><method name="&lt;init&gt;" desc="(JLjava/lang/String;Lcom/avajlauncher/Coordinates;)V" line="10"><counter type="INSTRUCTION" missed="0" covered="12"/><counter type="LINE" missed="0" covered="5"/><counter type="COMPLEXITY" missed="0" covered="1"/><counter type="METHOD" missed="0" covered="1"/></method><method name="setCoordinates" desc="(Lcom/avajlauncher/Coordinates;)V" line="17"><counter type="INSTRUCTION" missed="0" covered="4"/><counter type="LINE" missed="0" covered="2"/><counter type="COMPLEXITY" missed="0" covered="1"/><counter type="METHOD" missed="0" covered="1"/></method><counter type="INSTRUCTION" missed="0" covered="16"/><counter type="LINE" missed="0" covered="7"/><counter type="COMPLEXITY" missed="0" covered="2"/><counter type="METHOD" missed="0" covered="2"/><counter type="CLASS" missed="0" covered="1"/></class><class name="com/avajlauncher/Tower" sourcefilename="Tower.java"><method name="&lt;init&gt;" desc="()V" line="6"><counter type="INSTRUCTION" missed="0" covered="3"/><counter type="LINE" missed="0" covered="1"/><counter type="COMPLEXITY" missed="0" covered="1"/><counter type="METHOD" missed="0" covered="1"/></method><method name="register" desc="(Lcom/avajlauncher/Flyable;)V" line="11"><counter type="INSTRUCTION" missed="1" covered="0"/><counter type="LINE" missed="1" covered="0"/><counter type="COMPLEXITY" missed="1" covered="0"/><counter type="METHOD" missed="1" covered="0"/></method><method name="unregister" desc="(Lcom/avajlauncher/Flyable;)V" line="15"><counter type="INSTRUCTION" missed="1" covered="0"/><counter type="LINE" missed="1" covered="0"/><counter type="COMPLEXITY" missed="1" covered="0"/><counter type="METHOD" missed="1" covered="0"/></method><method name="conditionChanged" desc="()V" line="19"><counter type="INSTRUCTION" missed="1" covered="0"/><counter type="LINE" missed="1" covered="0"/><counter type="COMPLEXITY" missed="1" covered="0"/><counter type="METHOD" missed="1" covered="0"/></method><counter type="INSTRUCTION" missed="3" covered="3"/><counter type="LINE" missed="3" covered="1"/><counter type="COMPLEXITY" missed="3" covered="1"/><counter type="METHOD" missed="3" covered="1"/><counter type="CLASS" missed="0" covered="1"/></class><class name="com/avajlauncher/WeatherProvider" sourcefilename="WeatherProvider.java"><method name="getInstance" desc="()Lcom/avajlauncher/WeatherProvider;" line="12"><counter type="INSTRUCTION" missed="0" covered="2"/><counter type="LINE" missed="0" covered="1"/><counter type="COMPLEXITY" missed="0" covered="1"/><counter type="METHOD" missed="0" covered="1"/></method><method name="getCurrentWeather" desc="(Lcom/avajlauncher/Coordinates;)Ljava/lang/String;" line="16"><counter type="INSTRUCTION" missed="0" covered="15"/><counter type="LINE" missed="0" covered="5"/><counter type="COMPLEXITY" missed="0" covered="1"/><counter type="METHOD" missed="0" covered="1"/></method><method name="&lt;clinit&gt;" desc="()V" line="6"><counter type="INSTRUCTION" missed="0" covered="24"/><counter type="LINE" missed="0" covered="2"/><counter type="COMPLEXITY" missed="0" covered="1"/><counter type="METHOD" missed="0" covered="1"/></method><counter type="INSTRUCTION" missed="0" covered="41"/><counter type="LINE" missed="0" covered="8"/><counter type="COMPLEXITY" missed="0" covered="3"/><counter type="METHOD" missed="0" covered="3"/><counter type="CLASS" missed="0" covered="1"/></class><class name="com/avajlauncher/Baloon" sourcefilename="Baloon.java"><method name="&lt;init&gt;" desc="(JLjava/lang/String;Lcom/avajlauncher/Coordinates;)V" line="26"><counter type="INSTRUCTION" missed="0" covered="6"/><counter type="LINE" missed="0" covered="2"/><counter type="COMPLEXITY" missed="0" covered="1"/><counter type="METHOD" missed="0" covered="1"/></method><method name="updateConditions" desc="()V" line="30"><counter type="INSTRUCTION" missed="0" covered="82"/><counter type="BRANCH" missed="1" covered="4"/><counter type="LINE" missed="0" covered="21"/><counter type="COMPLEXITY" missed="1" covered="4"/><counter type="METHOD" missed="0" covered="1"/></method><method name="getWeatherMessage" desc="()Ljava/lang/String;" line="65"><counter type="INSTRUCTION" missed="0" covered="9"/><counter type="LINE" missed="0" covered="3"/><counter type="COMPLEXITY" missed="0" covered="1"/><counter type="METHOD" missed="0" covered="1"/></method><method name="registerTower" desc="(Lcom/avajlauncher/WeatherTower;)V" line="73"><counter type="INSTRUCTION" missed="0" covered="4"/><counter type="LINE" missed="0" covered="2"/><counter type="COMPLEXITY" missed="0" covered="1"/><counter type="METHOD" missed="0" covered="1"/></method><method name="&lt;clinit&gt;" desc="()V" line="17"><counter type="INSTRUCTION" missed="0" covered="28"/><counter type="LINE" missed="0" covered="7"/><counter type="COMPLEXITY" missed="0" covered="1"/><counter type="METHOD" missed="0" covered="1"/></method><counter type="INSTRUCTION" missed="0" covered="129"/><counter type="BRANCH" missed="1" covered="4"/><counter type="LINE" missed="0" covered="35"/><counter type="COMPLEXITY" missed="1" covered="8"/><counter type="METHOD" missed="0" covered="5"/><counter type="CLASS" missed="0" covered="1"/></class><class name="com/avajlauncher/Helicopter" sourcefilename="Helicopter.java"><method name="&lt;init&gt;" desc="(JLjava/lang/String;Lcom/avajlauncher/Coordinates;)V" line="26"><counter type="INSTRUCTION" missed="0" covered="6"/><counter type="LINE" missed="0" covered="2"/><counter type="COMPLEXITY" missed="0" covered="1"/><counter type="METHOD" missed="0" covered="1"/></method><method name="updateConditions" desc="()V" line="30"><counter type="INSTRUCTION" missed="0" covered="82"/><counter type="BRANCH" missed="1" covered="4"/><counter type="LINE" missed="0" covered="21"/><counter type="COMPLEXITY" missed="1" covered="4"/><counter type="METHOD" missed="0" covered="1"/></method><method name="getWeatherMessage" desc="()Ljava/lang/String;" line="65"><counter type="INSTRUCTION" missed="0" covered="9"/><counter type="LINE" missed="0" covered="3"/><counter type="COMPLEXITY" missed="0" covered="1"/><counter type="METHOD" missed="0" covered="1"/></method><method name="registerTower" desc="(Lcom/avajlauncher/WeatherTower;)V" line="73"><counter type="INSTRUCTION" missed="0" covered="4"/><counter type="LINE" missed="0" covered="2"/><counter type="COMPLEXITY" missed="0" covered="1"/><counter type="METHOD" missed="0" covered="1"/></method><method name="&lt;clinit&gt;" desc="()V" line="17"><counter type="INSTRUCTION" missed="0" covered="28"/><counter type="LINE" missed="0" covered="7"/><counter type="COMPLEXITY" missed="0" covered="1"/><counter type="METHOD" missed="0" covered="1"/></method><counter type="INSTRUCTION" missed="0" covered="129"/><counter type="BRANCH" missed="1" covered="4"/><counter type="LINE" missed="0" covered="35"/><counter type="COMPLEXITY" missed="1" covered="8"/><counter type="METHOD" missed="0" covered="5"/><counter type="CLASS" missed="0" covered="1"/></class><class name="com/avajlauncher/JetPlane" sourcefilename="JetPlane.java"><method name="&lt;init&gt;" desc="(JLjava/lang/String;Lcom/avajlauncher/Coordinates;)V" line="26"><counter type="INSTRUCTION" missed="0" covered="6"/><counter type="LINE" missed="0" covered="2"/><counter type="COMPLEXITY" missed="0" covered="1"/><counter type="METHOD" missed="0" covered="1"/></method><method name="updateConditions" desc="()V" line="30"><counter type="INSTRUCTION" missed="0" covered="82"/><counter type="BRANCH" missed="1" covered="4"/><counter type="LINE" missed="0" covered="21"/><counter type="COMPLEXITY" missed="1" covered="4"/><counter type="METHOD" missed="0" covered="1"/></method><method name="getWeatherMessage" desc="()Ljava/lang/String;" line="65"><counter type="INSTRUCTION" missed="0" covered="9"/><counter type="LINE" missed="0" covered="3"/><counter type="COMPLEXITY" missed="0" covered="1"/><counter type="METHOD" missed="0" covered="1"/></method><method name="registerTower" desc="(Lcom/avajlauncher/WeatherTower;)V" line="73"><counter type="INSTRUCTION" missed="0" covered="4"/><counter type="LINE" missed="0" covered="2"/><counter type="COMPLEXITY" missed="0" covered="1"/><counter type="METHOD" missed="0" covered="1"/></method><method name="&lt;clinit&gt;" desc="()V" line="17"><counter type="INSTRUCTION" missed="0" covered="28"/><counter type="LINE" missed="0" covered="7"/><counter type="COMPLEXITY" missed="0" covered="1"/><counter type="METHOD" missed="0" covered="1"/></method><counter type="INSTRUCTION" missed="0" covered="129"/><counter type="BRANCH" missed="1" covered="4"/><counter type="LINE" missed="0" covered="35"/><counter type="COMPLEXITY" missed="1" covered="8"/><counter type="METHOD" missed="0" covered="5"/><counter type="CLASS" missed="0" covered="1"/></class><class name="com/avajlauncher/AircraftFactory" sourcefilename="AircraftFactory.java"><method name="getInstance" desc="()Lcom/avajlauncher/AircraftFactory;" line="14"><counter type="INSTRUCTION" missed="0" covered="2"/><counter type="LINE" missed="0" covered="1"/><counter type="COMPLEXITY" missed="0" covered="1"/><counter type="METHOD" missed="0" covered="1"/></method><method name="newAircraft" desc="(Ljava/lang/String;Ljava/lang/String;Lcom/avajlauncher/Coordinates;)Lcom/avajlauncher/Aircraft;" line="22"><counter type="INSTRUCTION" missed="0" covered="46"/><counter type="BRANCH" missed="0" covered="4"/><counter type="LINE" missed="0" covered="5"/><counter type="COMPLEXITY" missed="0" covered="4"/><counter type="METHOD" missed="0" covered="1"/></method><method name="&lt;clinit&gt;" desc="()V" line="8"><counter type="INSTRUCTION" missed="0" covered="7"/><counter type="LINE" missed="0" covered="2"/><counter type="COMPLEXITY" missed="0" covered="1"/><counter type="METHOD" missed="0" covered="1"/></method><counter type="INSTRUCTION" missed="0" covered="55"/><counter type="BRANCH" missed="0" covered="4"/><counter type="LINE" missed="0" covered="8"/><counter type="COMPLEXITY" missed="0" covered="6"/><counter type="METHOD" missed="0" covered="3"/><counter type="CLASS" missed="0" covered="1"/></class><class name="com/avajlauncher/Coordinates" sourcefilename="Coordinates.java"><method name="&lt;init&gt;" desc="(III)V" line="8"><counter type="INSTRUCTION" missed="2" covered="15"/><counter type="BRANCH" missed="1" covered="1"/><counter type="LINE" missed="1" covered="6"/><counter type="COMPLEXITY" missed="1" covered="1"/><counter type="METHOD" missed="0" covered="1"/></method><method name="getLongitude" desc="()I" line="18"><counter type="INSTRUCTION" missed="0" covered="3"/><counter type="LINE" missed="0" covered="1"/><counter type="COMPLEXITY" missed="0" covered="1"/><counter type="METHOD" missed="0" covered="1"/></method><method name="getLatitude" desc="()I" line="22"><counter type="INSTRUCTION" missed="0" covered="3"/><counter type="LINE" missed="0" covered="1"/><counter type="COMPLEXITY" missed="0" covered="1"/><counter type="METHOD" missed="0" covered="1"/></method><method name="getHeight" desc="()I" line="26"><counter type="INSTRUCTION" missed="0" covered="3"/><counter type="LINE" missed="0" covered="1"/><counter type="COMPLEXITY" missed="0" covered="1"/><counter type="METHOD" missed="0" covered="1"/></method><counter type="INSTRUCTION" missed="2" covered="24"/><counter type="BRANCH" missed="1" covered="1"/><counter type="LINE" missed="1" covered="9"/><counter type="COMPLEXITY" missed="1" covered="4"/><counter type="METHOD" missed="0" covered="4"/><counter type="CLASS" missed="0" covered="1"/></class><sourcefile name="App.java"><line nr="12" mi="3" ci="0" mb="0" cb="0"/><line nr="13" mi="1" ci="0" mb="0" cb="0"/><counter type="INSTRUCTION" missed="4" covered="0"/><counter type="LINE" missed="2" covered="0"/><counter type="COMPLEXITY" missed="1" covered="0"/><counter type="METHOD" missed="1" covered="0"/><counter type="CLASS" missed="1" covered="0"/></sourcefile><sourcefile name="AircraftFactory.java"><line nr="8" mi="0" ci="4" mb="0" cb="0"/><line nr="9" mi="0" ci="3" mb="0" cb="0"/><line nr="14" mi="0" ci="2" mb="0" cb="0"/><line nr="22" mi="0" ci="8" mb="0" cb="4"/><line nr="24" mi="0" ci="11" mb="0" cb="0"/><line nr="26" mi="0" ci="11" mb="0" cb="0"/><line nr="28" mi="0" ci="11" mb="0" cb="0"/><line nr="30" mi="0" ci="5" mb="0" cb="0"/><counter type="INSTRUCTION" missed="0" covered="55"/><counter type="BRANCH" missed="0" covered="4"/><counter type="LINE" missed="0" covered="8"/><counter type="COMPLEXITY" missed="0" covered="6"/><counter type="METHOD" missed="0" covered="3"/><counter type="CLASS" missed="0" covered="1"/></sourcefile><sourcefile name="WeatherTower.java"><line nr="6" mi="0" ci="3" mb="0" cb="0"/><line nr="8" mi="0" ci="3" mb="0" cb="0"/><line nr="9" mi="0" ci="1" mb="0" cb="0"/><line nr="15" mi="1" ci="0" mb="0" cb="0"/><counter type="INSTRUCTION" missed="1" covered="7"/><counter type="LINE" missed="1" covered="3"/><counter type="COMPLEXITY" missed="1" covered="2"/><counter type="METHOD" missed="1" covered="2"/><counter type="CLASS" missed="0" covered="1"/></sourcefile><sourcefile name="JetPlane.java"><line nr="17" mi="0" ci="4" mb="0" cb="0"/><line nr="18" mi="0" ci="5" mb="0" cb="0"/><line nr="19" mi="0" ci="5" mb="0" cb="0"/><line nr="20" mi="0" ci="5" mb="0" cb="0"/><line nr="21" mi="0" ci="5" mb="0" cb="0"/><line nr="22" mi="0" ci="3" mb="0" cb="0"/><line nr="23" mi="0" ci="1" mb="0" cb="0"/><line nr="26" mi="0" ci="5" mb="0" cb="0"/><line nr="27" mi="0" ci="1" mb="0" cb="0"/><line nr="30" mi="0" ci="12" mb="1" cb="4"/><line nr="33" mi="0" ci="6" mb="0" cb="0"/><line nr="34" mi="0" ci="3" mb="0" cb="0"/><line nr="35" mi="0" ci="5" mb="0" cb="0"/><line nr="36" mi="0" ci="2" mb="0" cb="0"/><line nr="38" mi="0" ci="1" mb="0" cb="0"/><line nr="40" mi="0" ci="6" mb="0" cb="0"/><line nr="41" mi="0" ci="3" mb="0" cb="0"/><line nr="42" mi="0" ci="5" mb="0" cb="0"/><line nr="43" mi="0" ci="2" mb="0" cb="0"/><line nr="45" mi="0" ci="1" mb="0" cb="0"/><line nr="47" mi="0" ci="6" mb="0" cb="0"/><line nr="48" mi="0" ci="3" mb="0" cb="0"/><line nr="49" mi="0" ci="3" mb="0" cb="0"/><line nr="50" mi="0" ci="4" mb="0" cb="0"/><line nr="52" mi="0" ci="1" mb="0" cb="0"/><line nr="54" mi="0" ci="6" mb="0" cb="0"/><line nr="55" mi="0" ci="3" mb="0" cb="0"/><line nr="56" mi="0" ci="5" mb="0" cb="0"/><line nr="57" mi="0" ci="4" mb="0" cb="0"/><line nr="62" mi="0" ci="1" mb="0" cb="0"/><line nr="65" mi="0" ci="6" mb="0" cb="0"/><line nr="66" mi="0" ci="2" mb="0" cb="0"/><line nr="67" mi="0" ci="1" mb="0" cb="0"/><line nr="73" mi="0" ci="3" mb="0" cb="0"/><line nr="74" mi="0" ci="1" mb="0" cb="0"/><counter type="INSTRUCTION" missed="0" covered="129"/><counter type="BRANCH" missed="1" covered="4"/><counter type="LINE" missed="0" covered="35"/><counter type="COMPLEXITY" missed="1" covered="8"/><counter type="METHOD" missed="0" covered="5"/><counter type="CLASS" missed="0" covered="1"/></sourcefile><sourcefile name="Aircraft.java"><line nr="10" mi="0" ci="2" mb="0" cb="0"/><line nr="11" mi="0" ci="3" mb="0" cb="0"/><line nr="12" mi="0" ci="3" mb="0" cb="0"/><line nr="13" mi="0" ci="3" mb="0" cb="0"/><line nr="14" mi="0" ci="1" mb="0" cb="0"/><line nr="17" mi="0" ci="3" mb="0" cb="0"/><line nr="18" mi="0" ci="1" mb="0" cb="0"/><counter type="INSTRUCTION" missed="0" covered="16"/><counter type="LINE" missed="0" covered="7"/><counter type="COMPLEXITY" missed="0" covered="2"/><counter type="METHOD" missed="0" covered="2"/><counter type="CLASS" missed="0" covered="1"/></sourcefile><sourcefile name="WeatherProvider.java"><line nr="6" mi="0" ci="19" mb="0" cb="0"/><line nr="7" mi="0" ci="5" mb="0" cb="0"/><line nr="12" mi="0" ci="2" mb="0" cb="0"/><line nr="16" mi="0" ci="1" mb="0" cb="0"/><line nr="17" mi="0" ci="2" mb="0" cb="0"/><line nr="18" mi="0" ci="3" mb="0" cb="0"/><line nr="19" mi="0" ci="3" mb="0" cb="0"/><line nr="20" mi="0" ci="6" mb="0" cb="0"/><counter type="INSTRUCTION" missed="0" covered="41"/><counter type="LINE" missed="0" covered="8"/><counter type="COMPLEXITY" missed="0" covered="3"/><counter type="METHOD" missed="0" covered="3"/><counter type="CLASS" missed="0" covered="1"/></sourcefile><sourcefile name="Tower.java"><line nr="6" mi="0" ci="3" mb="0" cb="0"/><line nr="11" mi="1" ci="0" mb="0" cb="0"/><line nr="15" mi="1" ci="0" mb="0" cb="0"/><line nr="19" mi="1" ci="0" mb="0" cb="0"/><counter type="INSTRUCTION" missed="3" covered="3"/><counter type="LINE" missed="3" covered="1"/><counter type="COMPLEXITY" missed="3" covered="1"/><counter type="METHOD" missed="3" covered="1"/><counter type="CLASS" missed="0" covered="1"/></sourcefile><sourcefile name="Coordinates.java"><line nr="8" mi="0" ci="2" mb="0" cb="0"/><line nr="9" mi="0" ci="3" mb="1" cb="1"/><line nr="10" mi="2" ci="0" mb="0" cb="0"/><line nr="12" mi="0" ci="3" mb="0" cb="0"/><line nr="13" mi="0" ci="3" mb="0" cb="0"/><line nr="14" mi="0" ci="3" mb="0" cb="0"/><line nr="15" mi="0" ci="1" mb="0" cb="0"/><line nr="18" mi="0" ci="3" mb="0" cb="0"/><line nr="22" mi="0" ci="3" mb="0" cb="0"/><line nr="26" mi="0" ci="3" mb="0" cb="0"/><counter type="INSTRUCTION" missed="2" covered="24"/><counter type="BRANCH" missed="1" covered="1"/><counter type="LINE" missed="1" covered="9"/><counter type="COMPLEXITY" missed="1" covered="4"/><counter type="METHOD" missed="0" covered="4"/><counter type="CLASS" missed="0" covered="1"/></sourcefile><sourcefile name="IncorrectAircraftType.java"><line nr="5" mi="0" ci="3" mb="0" cb="0"/><line nr="6" mi="0" ci="1" mb="0" cb="0"/><counter type="INSTRUCTION" missed="0" covered="4"/><counter type="LINE" missed="0" covered="2"/><counter type="COMPLEXITY" missed="0" covered="1"/><counter type="METHOD" missed="0" covered="1"/><counter type="CLASS" missed="0" covered="1"/></sourcefile><sourcefile name="Baloon.java"><line nr="17" mi="0" ci="4" mb="0" cb="0"/><line nr="18" mi="0" ci="5" mb="0" cb="0"/><line nr="19" mi="0" ci="5" mb="0" cb="0"/><line nr="20" mi="0" ci="5" mb="0" cb="0"/><line nr="21" mi="0" ci="5" mb="0" cb="0"/><line nr="22" mi="0" ci="3" mb="0" cb="0"/><line nr="23" mi="0" ci="1" mb="0" cb="0"/><line nr="26" mi="0" ci="5" mb="0" cb="0"/><line nr="27" mi="0" ci="1" mb="0" cb="0"/><line nr="30" mi="0" ci="12" mb="1" cb="4"/><line nr="33" mi="0" ci="6" mb="0" cb="0"/><line nr="34" mi="0" ci="3" mb="0" cb="0"/><line nr="35" mi="0" ci="3" mb="0" cb="0"/><line nr="36" mi="0" ci="4" mb="0" cb="0"/><line nr="38" mi="0" ci="1" mb="0" cb="0"/><line nr="40" mi="0" ci="6" mb="0" cb="0"/><line nr="41" mi="0" ci="3" mb="0" cb="0"/><line nr="42" mi="0" ci="3" mb="0" cb="0"/><line nr="43" mi="0" ci="4" mb="0" cb="0"/><line nr="45" mi="0" ci="1" mb="0" cb="0"/><line nr="47" mi="0" ci="6" mb="0" cb="0"/><line nr="48" mi="0" ci="3" mb="0" cb="0"/><line nr="49" mi="0" ci="3" mb="0" cb="0"/><line nr="50" mi="0" ci="4" mb="0" cb="0"/><line nr="52" mi="0" ci="1" mb="0" cb="0"/><line nr="54" mi="0" ci="6" mb="0" cb="0"/><line nr="55" mi="0" ci="5" mb="0" cb="0"/><line nr="56" mi="0" ci="3" mb="0" cb="0"/><line nr="57" mi="0" ci="4" mb="0" cb="0"/><line nr="62" mi="0" ci="1" mb="0" cb="0"/><line nr="65" mi="0" ci="6" mb="0" cb="0"/><line nr="66" mi="0" ci="2" mb="0" cb="0"/><line nr="67" mi="0" ci="1" mb="0" cb="0"/><line nr="73" mi="0" ci="3" mb="0" cb="0"/><line nr="74" mi="0" ci="1" mb="0" cb="0"/><counter type="INSTRUCTION" missed="0" covered="129"/><counter type="BRANCH" missed="1" covered="4"/><counter type="LINE" missed="0" covered="35"/><counter type="COMPLEXITY" missed="1" covered="8"/><counter type="METHOD" missed="0" covered="5"/><counter type="CLASS" missed="0" covered="1"/></sourcefile><sourcefile name="Helicopter.java"><line nr="17" mi="0" ci="4" mb="0" cb="0"/><line nr="18" mi="0" ci="5" mb="0" cb="0"/><line nr="19" mi="0" ci="5" mb="0" cb="0"/><line nr="20" mi="0" ci="5" mb="0" cb="0"/><line nr="21" mi="0" ci="5" mb="0" cb="0"/><line nr="22" mi="0" ci="3" mb="0" cb="0"/><line nr="23" mi="0" ci="1" mb="0" cb="0"/><line nr="26" mi="0" ci="5" mb="0" cb="0"/><line nr="27" mi="0" ci="1" mb="0" cb="0"/><line nr="30" mi="0" ci="12" mb="1" cb="4"/><line nr="33" mi="0" ci="6" mb="0" cb="0"/><line nr="34" mi="0" ci="5" mb="0" cb="0"/><line nr="35" mi="0" ci="3" mb="0" cb="0"/><line nr="36" mi="0" ci="2" mb="0" cb="0"/><line nr="38" mi="0" ci="1" mb="0" cb="0"/><line nr="40" mi="0" ci="6" mb="0" cb="0"/><line nr="41" mi="0" ci="5" mb="0" cb="0"/><line nr="42" mi="0" ci="3" mb="0" cb="0"/><line nr="43" mi="0" ci="2" mb="0" cb="0"/><line nr="45" mi="0" ci="1" mb="0" cb="0"/><line nr="47" mi="0" ci="6" mb="0" cb="0"/><line nr="48" mi="0" ci="3" mb="0" cb="0"/><line nr="49" mi="0" ci="3" mb="0" cb="0"/><line nr="50" mi="0" ci="4" mb="0" cb="0"/><line nr="52" mi="0" ci="1" mb="0" cb="0"/><line nr="54" mi="0" ci="6" mb="0" cb="0"/><line nr="55" mi="0" ci="5" mb="0" cb="0"/><line nr="56" mi="0" ci="3" mb="0" cb="0"/><line nr="57" mi="0" ci="4" mb="0" cb="0"/><line nr="62" mi="0" ci="1" mb="0" cb="0"/><line nr="65" mi="0" ci="6" mb="0" cb="0"/><line nr="66" mi="0" ci="2" mb="0" cb="0"/><line nr="67" mi="0" ci="1" mb="0" cb="0"/><line nr="73" mi="0" ci="3" mb="0" cb="0"/><line nr="74" mi="0" ci="1" mb="0" cb="0"/><counter type="INSTRUCTION" missed="0" covered="129"/><counter type="BRANCH" missed="1" covered="4"/><counter type="LINE" missed="0" covered="35"/><counter type="COMPLEXITY" missed="1" covered="8"/><counter type="METHOD" missed="0" covered="5"/><counter type="CLASS" missed="0" covered="1"/></sourcefile><sourcefile name="Flyable.java"/><counter type="INSTRUCTION" missed="10" covered="537"/><counter type="BRANCH" missed="4" covered="17"/><counter type="LINE" missed="7" covered="143"/><counter type="COMPLEXITY" missed="9" covered="43"/><counter type="METHOD" missed="5" covered="31"/><counter type="CLASS" missed="1" covered="10"/></package><counter type="INSTRUCTION" missed="10" covered="537"/><counter type="BRANCH" missed="4" covered="17"/><counter type="LINE" missed="7" covered="143"/><counter type="COMPLEXITY" missed="9" covered="43"/><counter type="METHOD" missed="5" covered="31"/><counter type="CLASS" missed="1" covered="10"/></report>