<?xml version="1.0" encoding="UTF-8"?>
<testsuite xmlns:xsi="http://www.w3.org/2001/XMLSchema-instance" xsi:noNamespaceSchemaLocation="https://maven.apache.org/surefire/maven-surefire-plugin/xsd/surefire-test-report-3.0.xsd" version="3.0" name="com.avajlauncher.model.aircraft.AircraftFactoryTest" time="0.006" tests="5" errors="0" skipped="0" failures="0">
  <properties>
[...]
</properties>
  <testcase name="testHelicopterCreation" classname="com.avajlauncher.model.aircraft.AircraftFactoryTest" time="0.001"/>
  <testcase name="testUnknownAircraft" classname="com.avajlauncher.model.aircraft.AircraftFactoryTest" time="0.002"/>
  <testcase name="testJetPlaneCreation" classname="com.avajlauncher.model.aircraft.AircraftFactoryTest" time="0.001"/>
  <testcase name="testUnknownAircraftEmpty" classname="com.avajlauncher.model.aircraft.AircraftFactoryTest" time="0.001"/>
  <testcase name="testBaloonCreation" classname="com.avajlauncher.model.aircraft.AircraftFactoryTest" time="0.001"/>
</testsuite>